生成启动时间为 2021/1/15 13:45:29。
     1>项目“E:\work\project\test\labelky\facebz\facebz.vcxproj”在节点 2 上(build 个目标)。
     1>InitializeBuildStatus:
         正在创建“Debug\facebz.unsuccessfulbuild”，因为已指定“AlwaysCreate”。
       ClCompile:
         所有输出均为最新。
         C:\Program Files (x86)\Microsoft Visual Studio 10.0\VC\bin\CL.exe /c /ZI /nologo /W3 /WX- /Od /Oy- /D WIN32 /D _WINDOWS /D _DEBUG /D _UNICODE /D UNICODE /D _AFXDLL /Gm /EHsc /RTC1 /MDd /GS /fp:precise /Zc:wchar_t /Zc:forScope /Yu"StdAfx.h" /Fp"Debug\facebz.pch" /Fo"Debug\\" /Fd"Debug\vc100.pdb" /Gd /TP /analyze- /errorReport:prompt DxLxDlg.cpp IconListCtrl.cpp KjjDlg.cpp LabListCtrl.cpp LabeCropDlg.cpp MTextDlg.cpp PicEnlargeDlg.cpp PicListCtrl.cpp RotateSettingDlg.cpp ScaleEnlargeDlg.cpp SelectBtn.cpp Text2Dlg.cpp TextDlg.cpp Video2JpgSetting.cpp Video2JpgSetting2.cpp facebz.cpp facebzDlg.cpp
         facebzDlg.cpp
     1>e:\work\project\test\labelky\facebz\facebzdlg.cpp(506): warning C4305: “=”: 从“__int64”到“int”截断
     1>e:\work\project\test\labelky\facebz\facebzdlg.cpp(506): warning C4309: “=”: 截断常量值
     1>e:\work\project\test\labelky\facebz\facebzdlg.cpp(618): warning C4244: “参数”: 从“double”转换到“int”，可能丢失数据
     1>e:\work\project\test\labelky\facebz\facebzdlg.cpp(618): warning C4244: “参数”: 从“double”转换到“int”，可能丢失数据
     1>e:\work\project\test\labelky\facebz\facebzdlg.cpp(619): warning C4244: “/=”: 从“float”转换到“LONG”，可能丢失数据
     1>e:\work\project\test\labelky\facebz\facebzdlg.cpp(620): warning C4244: “/=”: 从“float”转换到“LONG”，可能丢失数据
     1>e:\work\project\test\labelky\facebz\facebzdlg.cpp(621): warning C4244: “/=”: 从“float”转换到“LONG”，可能丢失数据
     1>e:\work\project\test\labelky\facebz\facebzdlg.cpp(622): warning C4244: “/=”: 从“float”转换到“LONG”，可能丢失数据
     1>e:\work\project\test\labelky\facebz\facebzdlg.cpp(628): warning C4244: “参数”: 从“double”转换到“int”，可能丢失数据
     1>e:\work\project\test\labelky\facebz\facebzdlg.cpp(628): warning C4244: “参数”: 从“double”转换到“int”，可能丢失数据
     1>e:\work\project\test\labelky\facebz\facebzdlg.cpp(629): warning C4244: “/=”: 从“float”转换到“LONG”，可能丢失数据
     1>e:\work\project\test\labelky\facebz\facebzdlg.cpp(630): warning C4244: “/=”: 从“float”转换到“LONG”，可能丢失数据
     1>e:\work\project\test\labelky\facebz\facebzdlg.cpp(635): warning C4244: “参数”: 从“float”转换到“int”，可能丢失数据
     1>e:\work\project\test\labelky\facebz\facebzdlg.cpp(635): warning C4244: “参数”: 从“float”转换到“int”，可能丢失数据
     1>e:\work\project\test\labelky\facebz\facebzdlg.cpp(636): warning C4244: “参数”: 从“double”转换到“int”，可能丢失数据
     1>e:\work\project\test\labelky\facebz\facebzdlg.cpp(636): warning C4244: “参数”: 从“double”转换到“int”，可能丢失数据
     1>e:\work\project\test\labelky\facebz\facebzdlg.cpp(654): warning C4018: “<”: 有符号/无符号不匹配
     1>e:\work\project\test\labelky\facebz\facebzdlg.cpp(765): warning C4244: “初始化”: 从“double”转换到“float”，可能丢失数据
     1>e:\work\project\test\labelky\facebz\facebzdlg.cpp(766): warning C4244: “初始化”: 从“double”转换到“float”，可能丢失数据
     1>e:\work\project\test\labelky\facebz\facebzdlg.cpp(768): warning C4244: “初始化”: 从“double”转换到“float”，可能丢失数据
     1>e:\work\project\test\labelky\facebz\facebzdlg.cpp(769): warning C4244: “初始化”: 从“double”转换到“float”，可能丢失数据
     1>e:\work\project\test\labelky\facebz\facebzdlg.cpp(810): warning C4018: “<”: 有符号/无符号不匹配
     1>e:\work\project\test\labelky\facebz\facebzdlg.cpp(822): warning C4018: “<”: 有符号/无符号不匹配
     1>e:\work\project\test\labelky\facebz\facebzdlg.cpp(849): warning C4018: “<”: 有符号/无符号不匹配
     1>e:\work\project\test\labelky\facebz\facebzdlg.cpp(861): warning C4018: “<”: 有符号/无符号不匹配
     1>e:\work\project\test\labelky\facebz\facebzdlg.cpp(897): warning C4018: “<”: 有符号/无符号不匹配
     1>e:\work\project\test\labelky\facebz\facebzdlg.cpp(909): warning C4018: “<”: 有符号/无符号不匹配
     1>e:\work\project\test\labelky\facebz\facebzdlg.cpp(975): warning C4552: “-”: 运算符不起任何作用；应输入带副作用的运算符
     1>e:\work\project\test\labelky\facebz\facebzdlg.cpp(1006): warning C4244: “=”: 从“float”转换到“int”，可能丢失数据
     1>e:\work\project\test\labelky\facebz\facebzdlg.cpp(1008): warning C4244: “=”: 从“int”转换到“float”，可能丢失数据
     1>e:\work\project\test\labelky\facebz\facebzdlg.cpp(1012): warning C4018: “<”: 有符号/无符号不匹配
     1>e:\work\project\test\labelky\facebz\facebzdlg.cpp(1343): warning C4018: “<”: 有符号/无符号不匹配
     1>e:\work\project\test\labelky\facebz\facebzdlg.cpp(1357): warning C4018: “<”: 有符号/无符号不匹配
     1>e:\work\project\test\labelky\facebz\facebzdlg.cpp(1372): warning C4018: “<”: 有符号/无符号不匹配
     1>e:\work\project\test\labelky\facebz\facebzdlg.cpp(1380): warning C4018: “<”: 有符号/无符号不匹配
     1>e:\work\project\test\labelky\facebz\facebzdlg.cpp(1508): warning C4018: “<”: 有符号/无符号不匹配
     1>e:\work\project\test\labelky\facebz\facebzdlg.cpp(1522): warning C4018: “<”: 有符号/无符号不匹配
     1>e:\work\project\test\labelky\facebz\facebzdlg.cpp(1537): warning C4018: “<”: 有符号/无符号不匹配
     1>e:\work\project\test\labelky\facebz\facebzdlg.cpp(1552): warning C4101: “j”: 未引用的局部变量
     1>e:\work\project\test\labelky\facebz\facebzdlg.cpp(1637): warning C4244: “初始化”: 从“float”转换到“int”，可能丢失数据
     1>e:\work\project\test\labelky\facebz\facebzdlg.cpp(1639): warning C4244: “初始化”: 从“float”转换到“int”，可能丢失数据
     1>e:\work\project\test\labelky\facebz\facebzdlg.cpp(1646): warning C4244: “初始化”: 从“float”转换到“int”，可能丢失数据
     1>e:\work\project\test\labelky\facebz\facebzdlg.cpp(1647): warning C4244: “初始化”: 从“double”转换到“int”，可能丢失数据
     1>e:\work\project\test\labelky\facebz\facebzdlg.cpp(1648): warning C4244: “初始化”: 从“float”转换到“int”，可能丢失数据
     1>e:\work\project\test\labelky\facebz\facebzdlg.cpp(1649): warning C4244: “初始化”: 从“double”转换到“int”，可能丢失数据
     1>e:\work\project\test\labelky\facebz\facebzdlg.cpp(1651): warning C4244: “初始化”: 从“int”转换到“float”，可能丢失数据
     1>e:\work\project\test\labelky\facebz\facebzdlg.cpp(1652): warning C4244: “初始化”: 从“int”转换到“float”，可能丢失数据
     1>e:\work\project\test\labelky\facebz\facebzdlg.cpp(1653): warning C4244: “参数”: 从“double”转换到“int”，可能丢失数据
     1>e:\work\project\test\labelky\facebz\facebzdlg.cpp(1683): warning C4244: “初始化”: 从“float”转换到“int”，可能丢失数据
     1>e:\work\project\test\labelky\facebz\facebzdlg.cpp(1685): warning C4244: “初始化”: 从“float”转换到“int”，可能丢失数据
     1>e:\work\project\test\labelky\facebz\facebzdlg.cpp(1692): warning C4244: “初始化”: 从“float”转换到“int”，可能丢失数据
     1>e:\work\project\test\labelky\facebz\facebzdlg.cpp(1693): warning C4244: “初始化”: 从“double”转换到“int”，可能丢失数据
     1>e:\work\project\test\labelky\facebz\facebzdlg.cpp(1694): warning C4244: “初始化”: 从“float”转换到“int”，可能丢失数据
     1>e:\work\project\test\labelky\facebz\facebzdlg.cpp(1695): warning C4244: “初始化”: 从“double”转换到“int”，可能丢失数据
     1>e:\work\project\test\labelky\facebz\facebzdlg.cpp(1785): warning C4244: “初始化”: 从“double”转换到“int”，可能丢失数据
     1>e:\work\project\test\labelky\facebz\facebzdlg.cpp(1786): warning C4244: “初始化”: 从“double”转换到“int”，可能丢失数据
     1>e:\work\project\test\labelky\facebz\facebzdlg.cpp(1799): warning C4244: “-=”: 从“float”转换到“LONG”，可能丢失数据
     1>e:\work\project\test\labelky\facebz\facebzdlg.cpp(1802): warning C4244: “-=”: 从“double”转换到“LONG”，可能丢失数据
     1>e:\work\project\test\labelky\facebz\facebzdlg.cpp(1808): warning C4244: “+=”: 从“float”转换到“LONG”，可能丢失数据
     1>e:\work\project\test\labelky\facebz\facebzdlg.cpp(1811): warning C4244: “+=”: 从“double”转换到“LONG”，可能丢失数据
     1>e:\work\project\test\labelky\facebz\facebzdlg.cpp(1817): warning C4244: “-=”: 从“float”转换到“LONG”，可能丢失数据
     1>e:\work\project\test\labelky\facebz\facebzdlg.cpp(1820): warning C4244: “-=”: 从“double”转换到“LONG”，可能丢失数据
     1>e:\work\project\test\labelky\facebz\facebzdlg.cpp(1826): warning C4244: “+=”: 从“float”转换到“LONG”，可能丢失数据
     1>e:\work\project\test\labelky\facebz\facebzdlg.cpp(1829): warning C4244: “+=”: 从“double”转换到“LONG”，可能丢失数据
     1>e:\work\project\test\labelky\facebz\facebzdlg.cpp(1886): warning C4244: “初始化”: 从“float”转换到“int”，可能丢失数据
     1>e:\work\project\test\labelky\facebz\facebzdlg.cpp(1887): warning C4244: “初始化”: 从“float”转换到“int”，可能丢失数据
     1>e:\work\project\test\labelky\facebz\facebzdlg.cpp(1910): warning C4018: “<”: 有符号/无符号不匹配
     1>e:\work\project\test\labelky\facebz\facebzdlg.cpp(1915): warning C4244: “=”: 从“float”转换到“LONG”，可能丢失数据
     1>e:\work\project\test\labelky\facebz\facebzdlg.cpp(1916): warning C4244: “=”: 从“float”转换到“LONG”，可能丢失数据
     1>e:\work\project\test\labelky\facebz\facebzdlg.cpp(2133): warning C4018: “<”: 有符号/无符号不匹配
     1>e:\work\project\test\labelky\facebz\facebzdlg.cpp(2173): warning C4244: “初始化”: 从“double”转换到“int”，可能丢失数据
     1>e:\work\project\test\labelky\facebz\facebzdlg.cpp(2181): warning C4244: “初始化”: 从“double”转换到“int”，可能丢失数据
     1>e:\work\project\test\labelky\facebz\facebzdlg.cpp(2189): warning C4244: “初始化”: 从“double”转换到“int”，可能丢失数据
     1>e:\work\project\test\labelky\facebz\facebzdlg.cpp(2197): warning C4244: “初始化”: 从“double”转换到“int”，可能丢失数据
     1>e:\work\project\test\labelky\facebz\facebzdlg.cpp(2213): warning C4244: “参数”: 从“float”转换到“int”，可能丢失数据
     1>e:\work\project\test\labelky\facebz\facebzdlg.cpp(2214): warning C4244: “参数”: 从“float”转换到“int”，可能丢失数据
     1>e:\work\project\test\labelky\facebz\facebzdlg.cpp(2219): warning C4244: “参数”: 从“double”转换到“int”，可能丢失数据
     1>e:\work\project\test\labelky\facebz\facebzdlg.cpp(2220): warning C4244: “参数”: 从“double”转换到“int”，可能丢失数据
     1>e:\work\project\test\labelky\facebz\facebzdlg.cpp(2227): warning C4244: “参数”: 从“float”转换到“int”，可能丢失数据
     1>e:\work\project\test\labelky\facebz\facebzdlg.cpp(2227): warning C4244: “参数”: 从“float”转换到“int”，可能丢失数据
     1>e:\work\project\test\labelky\facebz\facebzdlg.cpp(2247): warning C4244: “参数”: 从“float”转换到“int”，可能丢失数据
     1>e:\work\project\test\labelky\facebz\facebzdlg.cpp(2248): warning C4244: “参数”: 从“float”转换到“int”，可能丢失数据
     1>e:\work\project\test\labelky\facebz\facebzdlg.cpp(2253): warning C4244: “参数”: 从“float”转换到“int”，可能丢失数据
     1>e:\work\project\test\labelky\facebz\facebzdlg.cpp(2254): warning C4244: “参数”: 从“float”转换到“int”，可能丢失数据
     1>e:\work\project\test\labelky\facebz\facebzdlg.cpp(2261): warning C4244: “参数”: 从“float”转换到“int”，可能丢失数据
     1>e:\work\project\test\labelky\facebz\facebzdlg.cpp(2261): warning C4244: “参数”: 从“float”转换到“int”，可能丢失数据
     1>e:\work\project\test\labelky\facebz\facebzdlg.cpp(2277): warning C4244: “参数”: 从“float”转换到“int”，可能丢失数据
     1>e:\work\project\test\labelky\facebz\facebzdlg.cpp(2278): warning C4244: “参数”: 从“float”转换到“int”，可能丢失数据
     1>e:\work\project\test\labelky\facebz\facebzdlg.cpp(2283): warning C4244: “参数”: 从“double”转换到“int”，可能丢失数据
     1>e:\work\project\test\labelky\facebz\facebzdlg.cpp(2284): warning C4244: “参数”: 从“double”转换到“int”，可能丢失数据
     1>e:\work\project\test\labelky\facebz\facebzdlg.cpp(2292): warning C4244: “=”: 从“float”转换到“LONG”，可能丢失数据
     1>e:\work\project\test\labelky\facebz\facebzdlg.cpp(2293): warning C4244: “=”: 从“float”转换到“LONG”，可能丢失数据
     1>e:\work\project\test\labelky\facebz\facebzdlg.cpp(2388): warning C4244: “参数”: 从“double”转换到“int”，可能丢失数据
     1>e:\work\project\test\labelky\facebz\facebzdlg.cpp(2388): warning C4244: “参数”: 从“double”转换到“int”，可能丢失数据
     1>e:\work\project\test\labelky\facebz\facebzdlg.cpp(2802): warning C4018: “<”: 有符号/无符号不匹配
     1>e:\work\project\test\labelky\facebz\facebzdlg.cpp(2807): warning C4018: “<”: 有符号/无符号不匹配
     1>e:\work\project\test\labelky\facebz\facebzdlg.cpp(3038): warning C4244: “=”: 从“short”转换到“unsigned char”，可能丢失数据
     1>e:\work\project\test\labelky\facebz\facebzdlg.cpp(3039): warning C4244: “=”: 从“short”转换到“unsigned char”，可能丢失数据
     1>e:\work\project\test\labelky\facebz\facebzdlg.cpp(3040): warning C4244: “=”: 从“short”转换到“unsigned char”，可能丢失数据
     1>e:\work\project\test\labelky\facebz\facebzdlg.cpp(3079): warning C4244: “=”: 从“unsigned short”转换到“unsigned char”，可能丢失数据
     1>e:\work\project\test\labelky\facebz\facebzdlg.cpp(3080): warning C4244: “=”: 从“unsigned short”转换到“unsigned char”，可能丢失数据
     1>e:\work\project\test\labelky\facebz\facebzdlg.cpp(3081): warning C4244: “=”: 从“unsigned short”转换到“unsigned char”，可能丢失数据
     1>e:\work\project\test\labelky\facebz\facebzdlg.cpp(3145): warning C4244: “初始化”: 从“LONG”转换到“float”，可能丢失数据
     1>e:\work\project\test\labelky\facebz\facebzdlg.cpp(3146): warning C4244: “初始化”: 从“LONG”转换到“float”，可能丢失数据
     1>e:\work\project\test\labelky\facebz\facebzdlg.cpp(3147): warning C4244: “参数”: 从“float”转换到“int”，可能丢失数据
     1>e:\work\project\test\labelky\facebz\facebzdlg.cpp(3147): warning C4244: “参数”: 从“float”转换到“int”，可能丢失数据
     1>e:\work\project\test\labelky\facebz\facebzdlg.cpp(3244): warning C4018: “<”: 有符号/无符号不匹配
     1>e:\work\project\test\labelky\facebz\facebzdlg.cpp(3247): warning C4244: “初始化”: 从“double”转换到“int”，可能丢失数据
     1>e:\work\project\test\labelky\facebz\facebzdlg.cpp(3274): warning C4018: “<”: 有符号/无符号不匹配
     1>e:\work\project\test\labelky\facebz\facebzdlg.cpp(3278): warning C4018: “<”: 有符号/无符号不匹配
     1>e:\work\project\test\labelky\facebz\facebzdlg.cpp(3293): warning C4018: “<”: 有符号/无符号不匹配
     1>e:\work\project\test\labelky\facebz\facebzdlg.cpp(3297): warning C4018: “<”: 有符号/无符号不匹配
     1>e:\work\project\test\labelky\facebz\facebzdlg.cpp(3317): warning C4018: “<”: 有符号/无符号不匹配
     1>e:\work\project\test\labelky\facebz\facebzdlg.cpp(3457): warning C4018: “<”: 有符号/无符号不匹配
     1>e:\work\project\test\labelky\facebz\facebzdlg.cpp(3495): warning C4018: “<”: 有符号/无符号不匹配
     1>e:\work\project\test\labelky\facebz\facebzdlg.cpp(3509): warning C4018: “<”: 有符号/无符号不匹配
     1>e:\work\project\test\labelky\facebz\facebzdlg.cpp(3642): warning C4018: “<”: 有符号/无符号不匹配
     1>e:\work\project\test\labelky\facebz\facebzdlg.cpp(3707): warning C4018: “<”: 有符号/无符号不匹配
     1>e:\work\project\test\labelky\facebz\facebzdlg.cpp(3740): warning C4018: “<”: 有符号/无符号不匹配
     1>e:\work\project\test\labelky\facebz\facebzdlg.cpp(3836): warning C4018: “<”: 有符号/无符号不匹配
     1>e:\work\project\test\labelky\facebz\facebzdlg.cpp(3874): warning C4018: “<”: 有符号/无符号不匹配
     1>e:\work\project\test\labelky\facebz\facebzdlg.cpp(3884): warning C4018: “<”: 有符号/无符号不匹配
     1>e:\work\project\test\labelky\facebz\facebzdlg.cpp(4090): warning C4244: “初始化”: 从“double”转换到“float”，可能丢失数据
     1>e:\work\project\test\labelky\facebz\facebzdlg.cpp(4091): warning C4244: “初始化”: 从“double”转换到“float”，可能丢失数据
     1>e:\work\project\test\labelky\facebz\facebzdlg.cpp(4092): warning C4244: “初始化”: 从“double”转换到“float”，可能丢失数据
     1>e:\work\project\test\labelky\facebz\facebzdlg.cpp(4093): warning C4244: “初始化”: 从“double”转换到“float”，可能丢失数据
     1>e:\work\project\test\labelky\facebz\facebzdlg.cpp(4094): warning C4305: “*=”: 从“double”到“float”截断
     1>e:\work\project\test\labelky\facebz\facebzdlg.cpp(4095): warning C4305: “*=”: 从“double”到“float”截断
     1>e:\work\project\test\labelky\facebz\facebzdlg.cpp(4096): warning C4305: “*=”: 从“double”到“float”截断
     1>e:\work\project\test\labelky\facebz\facebzdlg.cpp(4097): warning C4305: “*=”: 从“double”到“float”截断
     1>e:\work\project\test\labelky\facebz\facebzdlg.cpp(4098): warning C4244: “参数”: 从“float”转换到“int”，可能丢失数据
     1>e:\work\project\test\labelky\facebz\facebzdlg.cpp(4098): warning C4244: “参数”: 从“float”转换到“int”，可能丢失数据
     1>e:\work\project\test\labelky\facebz\facebzdlg.cpp(4098): warning C4244: “参数”: 从“float”转换到“int”，可能丢失数据
     1>e:\work\project\test\labelky\facebz\facebzdlg.cpp(4098): warning C4244: “参数”: 从“float”转换到“int”，可能丢失数据
     1>e:\work\project\test\labelky\facebz\facebzdlg.cpp(4103): warning C4244: “初始化”: 从“double”转换到“float”，可能丢失数据
     1>e:\work\project\test\labelky\facebz\facebzdlg.cpp(4104): warning C4244: “初始化”: 从“double”转换到“float”，可能丢失数据
     1>e:\work\project\test\labelky\facebz\facebzdlg.cpp(4105): warning C4244: “初始化”: 从“double”转换到“float”，可能丢失数据
     1>e:\work\project\test\labelky\facebz\facebzdlg.cpp(4106): warning C4244: “初始化”: 从“double”转换到“float”，可能丢失数据
     1>e:\work\project\test\labelky\facebz\facebzdlg.cpp(4107): warning C4305: “/=”: 从“double”到“float”截断
     1>e:\work\project\test\labelky\facebz\facebzdlg.cpp(4108): warning C4305: “/=”: 从“double”到“float”截断
     1>e:\work\project\test\labelky\facebz\facebzdlg.cpp(4109): warning C4305: “/=”: 从“double”到“float”截断
     1>e:\work\project\test\labelky\facebz\facebzdlg.cpp(4110): warning C4305: “/=”: 从“double”到“float”截断
     1>e:\work\project\test\labelky\facebz\facebzdlg.cpp(4111): warning C4244: “参数”: 从“float”转换到“int”，可能丢失数据
     1>e:\work\project\test\labelky\facebz\facebzdlg.cpp(4111): warning C4244: “参数”: 从“float”转换到“int”，可能丢失数据
     1>e:\work\project\test\labelky\facebz\facebzdlg.cpp(4111): warning C4244: “参数”: 从“float”转换到“int”，可能丢失数据
     1>e:\work\project\test\labelky\facebz\facebzdlg.cpp(4111): warning C4244: “参数”: 从“float”转换到“int”，可能丢失数据
     1>e:\work\project\test\labelky\facebz\facebzdlg.cpp(4211): warning C4244: “参数”: 从“float”转换到“int”，可能丢失数据
     1>e:\work\project\test\labelky\facebz\facebzdlg.cpp(4216): warning C4244: “=”: 从“float”转换到“unsigned char”，可能丢失数据
     1>e:\work\project\test\labelky\facebz\facebzdlg.cpp(4217): warning C4244: “=”: 从“float”转换到“unsigned char”，可能丢失数据
     1>e:\work\project\test\labelky\facebz\facebzdlg.cpp(4218): warning C4244: “=”: 从“float”转换到“unsigned char”，可能丢失数据
     1>e:\work\project\test\labelky\facebz\facebzdlg.cpp(4322): warning C4005: “PI”: 宏重定义
                 e:\work\project\test\labelky\facebz\facebzdlg.cpp(676) : 参见“PI”的前一个定义
     1>e:\work\project\test\labelky\facebz\facebzdlg.cpp(4332): warning C4244: “初始化”: 从“double”转换到“float”，可能丢失数据
     1>e:\work\project\test\labelky\facebz\facebzdlg.cpp(4333): warning C4244: “初始化”: 从“double”转换到“float”，可能丢失数据
     1>e:\work\project\test\labelky\facebz\facebzdlg.cpp(4348): warning C4244: “初始化”: 从“float”转换到“int”，可能丢失数据
     1>e:\work\project\test\labelky\facebz\facebzdlg.cpp(4349): warning C4244: “初始化”: 从“float”转换到“int”，可能丢失数据
     1>e:\work\project\test\labelky\facebz\facebzdlg.cpp(4350): warning C4244: “初始化”: 从“float”转换到“int”，可能丢失数据
     1>e:\work\project\test\labelky\facebz\facebzdlg.cpp(4351): warning C4244: “初始化”: 从“float”转换到“int”，可能丢失数据
     1>e:\work\project\test\labelky\facebz\facebzdlg.cpp(4356): warning C4244: “初始化”: 从“double”转换到“float”，可能丢失数据
     1>e:\work\project\test\labelky\facebz\facebzdlg.cpp(4358): warning C4244: “初始化”: 从“double”转换到“float”，可能丢失数据
     1>e:\work\project\test\labelky\facebz\facebzdlg.cpp(4369): warning C4244: “初始化”: 从“double”转换到“float”，可能丢失数据
     1>e:\work\project\test\labelky\facebz\facebzdlg.cpp(4379): warning C4244: “=”: 从“float”转换到“unsigned char”，可能丢失数据
     1>e:\work\project\test\labelky\facebz\facebzdlg.cpp(4393): warning C4244: “=”: 从“double”转换到“float”，可能丢失数据
     1>e:\work\project\test\labelky\facebz\facebzdlg.cpp(4394): warning C4244: “=”: 从“double”转换到“float”，可能丢失数据
     1>e:\work\project\test\labelky\facebz\facebzdlg.cpp(4397): warning C4244: “=”: 从“double”转换到“float”，可能丢失数据
     1>e:\work\project\test\labelky\facebz\facebzdlg.cpp(4398): warning C4244: “=”: 从“double”转换到“float”，可能丢失数据
     1>e:\work\project\test\labelky\facebz\facebzdlg.cpp(4408): warning C4244: “参数”: 从“int”转换到“float”，可能丢失数据
     1>e:\work\project\test\labelky\facebz\facebzdlg.cpp(4408): warning C4244: “参数”: 从“int”转换到“float”，可能丢失数据
     1>e:\work\project\test\labelky\facebz\facebzdlg.cpp(4408): warning C4244: “参数”: 从“int”转换到“float”，可能丢失数据
     1>e:\work\project\test\labelky\facebz\facebzdlg.cpp(4408): warning C4244: “参数”: 从“int”转换到“float”，可能丢失数据
     1>e:\work\project\test\labelky\facebz\facebzdlg.cpp(4430): warning C4244: “初始化”: 从“float”转换到“int”，可能丢失数据
     1>e:\work\project\test\labelky\facebz\facebzdlg.cpp(4432): warning C4244: “初始化”: 从“float”转换到“int”，可能丢失数据
     1>e:\work\project\test\labelky\facebz\facebzdlg.cpp(4441): warning C4244: “初始化”: 从“double”转换到“float”，可能丢失数据
     1>e:\work\project\test\labelky\facebz\facebzdlg.cpp(4443): warning C4244: “初始化”: 从“double”转换到“float”，可能丢失数据
     1>e:\work\project\test\labelky\facebz\facebzdlg.cpp(4454): warning C4244: “初始化”: 从“double”转换到“float”，可能丢失数据
     1>e:\work\project\test\labelky\facebz\facebzdlg.cpp(4464): warning C4244: “=”: 从“float”转换到“unsigned char”，可能丢失数据
     1>e:\work\project\test\labelky\facebz\facebzdlg.cpp(4475): warning C4244: “初始化”: 从“int”转换到“float”，可能丢失数据
     1>e:\work\project\test\labelky\facebz\facebzdlg.cpp(4478): warning C4305: “初始化”: 从“double”到“float”截断
     1>e:\work\project\test\labelky\facebz\facebzdlg.cpp(4490): warning C4305: “初始化”: 从“double”到“float”截断
     1>e:\work\project\test\labelky\facebz\facebzdlg.cpp(4491): warning C4018: “<”: 有符号/无符号不匹配
     1>e:\work\project\test\labelky\facebz\facebzdlg.cpp(4494): warning C4244: “初始化”: 从“float”转换到“int”，可能丢失数据
     1>e:\work\project\test\labelky\facebz\facebzdlg.cpp(4495): warning C4244: “初始化”: 从“float”转换到“int”，可能丢失数据
     1>e:\work\project\test\labelky\facebz\facebzdlg.cpp(4498): warning C4244: “初始化”: 从“float”转换到“int”，可能丢失数据
     1>e:\work\project\test\labelky\facebz\facebzdlg.cpp(4500): warning C4244: “=”: 从“float”转换到“int”，可能丢失数据
     1>e:\work\project\test\labelky\facebz\facebzdlg.cpp(4563): warning C4244: “初始化”: 从“double”转换到“float”，可能丢失数据
     1>e:\work\project\test\labelky\facebz\facebzdlg.cpp(4564): warning C4244: “初始化”: 从“double”转换到“float”，可能丢失数据
     1>e:\work\project\test\labelky\facebz\facebzdlg.cpp(4565): warning C4244: “参数”: 从“float”转换到“int”，可能丢失数据
     1>e:\work\project\test\labelky\facebz\facebzdlg.cpp(4565): warning C4244: “参数”: 从“float”转换到“int”，可能丢失数据
     1>e:\work\project\test\labelky\facebz\facebzdlg.cpp(4565): warning C4244: “参数”: 从“float”转换到“int”，可能丢失数据
     1>e:\work\project\test\labelky\facebz\facebzdlg.cpp(4565): warning C4244: “参数”: 从“float”转换到“int”，可能丢失数据
     1>e:\work\project\test\labelky\facebz\facebzdlg.cpp(4566): warning C4244: “参数”: 从“float”转换到“int”，可能丢失数据
     1>e:\work\project\test\labelky\facebz\facebzdlg.cpp(4566): warning C4244: “参数”: 从“float”转换到“int”，可能丢失数据
     1>e:\work\project\test\labelky\facebz\facebzdlg.cpp(4566): warning C4244: “参数”: 从“float”转换到“int”，可能丢失数据
     1>e:\work\project\test\labelky\facebz\facebzdlg.cpp(4566): warning C4244: “参数”: 从“float”转换到“int”，可能丢失数据
     1>e:\work\project\test\labelky\facebz\facebzdlg.cpp(4575): warning C4244: “初始化”: 从“double”转换到“int”，可能丢失数据
     1>e:\work\project\test\labelky\facebz\facebzdlg.cpp(4828): warning C4244: “初始化”: 从“double”转换到“float”，可能丢失数据
     1>e:\work\project\test\labelky\facebz\facebzdlg.cpp(4829): warning C4244: “初始化”: 从“double”转换到“float”，可能丢失数据
     1>e:\work\project\test\labelky\facebz\facebzdlg.cpp(4830): warning C4244: “参数”: 从“float”转换到“int”，可能丢失数据
     1>e:\work\project\test\labelky\facebz\facebzdlg.cpp(4830): warning C4244: “参数”: 从“float”转换到“int”，可能丢失数据
     1>e:\work\project\test\labelky\facebz\facebzdlg.cpp(4830): warning C4244: “参数”: 从“float”转换到“int”，可能丢失数据
     1>e:\work\project\test\labelky\facebz\facebzdlg.cpp(4830): warning C4244: “参数”: 从“float”转换到“int”，可能丢失数据
     1>e:\work\project\test\labelky\facebz\facebzdlg.cpp(4832): warning C4244: “参数”: 从“double”转换到“int”，可能丢失数据
     1>e:\work\project\test\labelky\facebz\facebzdlg.cpp(4832): warning C4244: “参数”: 从“double”转换到“int”，可能丢失数据
     1>e:\work\project\test\labelky\facebz\facebzdlg.cpp(4833): warning C4244: “参数”: 从“float”转换到“int”，可能丢失数据
     1>e:\work\project\test\labelky\facebz\facebzdlg.cpp(4833): warning C4244: “参数”: 从“float”转换到“int”，可能丢失数据
     1>e:\work\project\test\labelky\facebz\facebzdlg.cpp(4833): warning C4244: “参数”: 从“float”转换到“int”，可能丢失数据
     1>e:\work\project\test\labelky\facebz\facebzdlg.cpp(4833): warning C4244: “参数”: 从“float”转换到“int”，可能丢失数据
     1>e:\work\project\test\labelky\facebz\facebzdlg.cpp(4844): warning C4244: “初始化”: 从“double”转换到“int”，可能丢失数据
     1>e:\work\project\test\labelky\facebz\facebzdlg.cpp(4869): warning C4244: “参数”: 从“double”转换到“int”，可能丢失数据
     1>e:\work\project\test\labelky\facebz\facebzdlg.cpp(4869): warning C4244: “参数”: 从“double”转换到“int”，可能丢失数据
     1>e:\work\project\test\labelky\facebz\facebzdlg.cpp(4947): warning C4018: “<”: 有符号/无符号不匹配
     1>e:\work\project\test\labelky\facebz\facebzdlg.cpp(4951): warning C4018: “<”: 有符号/无符号不匹配
     1>e:\work\project\test\labelky\facebz\facebzdlg.cpp(4970): warning C4244: “参数”: 从“float”转换到“int”，可能丢失数据
     1>e:\work\project\test\labelky\facebz\facebzdlg.cpp(4974): warning C4244: “参数”: 从“float”转换到“int”，可能丢失数据
     1>e:\work\project\test\labelky\facebz\facebzdlg.cpp(4980): warning C4244: “参数”: 从“float”转换到“int”，可能丢失数据
     1>e:\work\project\test\labelky\facebz\facebzdlg.cpp(4984): warning C4244: “参数”: 从“float”转换到“int”，可能丢失数据
     1>e:\work\project\test\labelky\facebz\facebzdlg.cpp(5007): warning C4018: “<”: 有符号/无符号不匹配
     1>e:\work\project\test\labelky\facebz\facebzdlg.cpp(5043): warning C4018: “<”: 有符号/无符号不匹配
     1>e:\work\project\test\labelky\facebz\facebzdlg.cpp(5091): warning C4244: “初始化”: 从“double”转换到“float”，可能丢失数据
     1>e:\work\project\test\labelky\facebz\facebzdlg.cpp(5092): warning C4244: “初始化”: 从“double”转换到“float”，可能丢失数据
     1>e:\work\project\test\labelky\facebz\facebzdlg.cpp(5093): warning C4244: “参数”: 从“float”转换到“int”，可能丢失数据
     1>e:\work\project\test\labelky\facebz\facebzdlg.cpp(5093): warning C4244: “参数”: 从“float”转换到“int”，可能丢失数据
     1>e:\work\project\test\labelky\facebz\facebzdlg.cpp(5093): warning C4244: “参数”: 从“float”转换到“int”，可能丢失数据
     1>e:\work\project\test\labelky\facebz\facebzdlg.cpp(5093): warning C4244: “参数”: 从“float”转换到“int”，可能丢失数据
     1>e:\work\project\test\labelky\facebz\facebzdlg.cpp(5094): warning C4244: “参数”: 从“double”转换到“int”，可能丢失数据
     1>e:\work\project\test\labelky\facebz\facebzdlg.cpp(5094): warning C4244: “参数”: 从“double”转换到“int”，可能丢失数据
     1>e:\work\project\test\labelky\facebz\facebzdlg.cpp(5094): warning C4244: “参数”: 从“double”转换到“int”，可能丢失数据
     1>e:\work\project\test\labelky\facebz\facebzdlg.cpp(5094): warning C4244: “参数”: 从“double”转换到“int”，可能丢失数据
     1>e:\work\project\test\labelky\facebz\facebzdlg.cpp(5103): warning C4244: “初始化”: 从“double”转换到“int”，可能丢失数据
     1>e:\work\project\test\labelky\facebz\facebzdlg.cpp(5105): warning C4244: “初始化”: 从“double”转换到“int”，可能丢失数据
     1>e:\work\project\test\labelky\facebz\facebzdlg.cpp(5152): warning C4258: “i”: 忽略 For 循环中的定义；使用封闭范围中的定义
                 e:\work\project\test\labelky\facebz\facebzdlg.cpp(5120) : 忽略“i”的定义
                 e:\work\project\test\labelky\facebz\facebzdlg.cpp(5107) : 使用“i”的定义
     1>e:\work\project\test\labelky\facebz\facebzdlg.cpp(5153): warning C4258: “i”: 忽略 For 循环中的定义；使用封闭范围中的定义
                 e:\work\project\test\labelky\facebz\facebzdlg.cpp(5120) : 忽略“i”的定义
                 e:\work\project\test\labelky\facebz\facebzdlg.cpp(5107) : 使用“i”的定义
     1>e:\work\project\test\labelky\facebz\facebzdlg.cpp(5155): warning C4258: “i”: 忽略 For 循环中的定义；使用封闭范围中的定义
                 e:\work\project\test\labelky\facebz\facebzdlg.cpp(5120) : 忽略“i”的定义
                 e:\work\project\test\labelky\facebz\facebzdlg.cpp(5107) : 使用“i”的定义
     1>e:\work\project\test\labelky\facebz\facebzdlg.cpp(5156): warning C4258: “i”: 忽略 For 循环中的定义；使用封闭范围中的定义
                 e:\work\project\test\labelky\facebz\facebzdlg.cpp(5120) : 忽略“i”的定义
                 e:\work\project\test\labelky\facebz\facebzdlg.cpp(5107) : 使用“i”的定义
     1>e:\work\project\test\labelky\facebz\facebzdlg.cpp(5282): warning C4244: “初始化”: 从“int”转换到“float”，可能丢失数据
     1>e:\work\project\test\labelky\facebz\facebzdlg.cpp(5285): warning C4244: “初始化”: 从“float”转换到“int”，可能丢失数据
     1>e:\work\project\test\labelky\facebz\facebzdlg.cpp(5286): warning C4244: “初始化”: 从“float”转换到“int”，可能丢失数据
     1>e:\work\project\test\labelky\facebz\facebzdlg.cpp(5316): warning C4244: “=”: 从“LONG”转换到“float”，可能丢失数据
     1>e:\work\project\test\labelky\facebz\facebzdlg.cpp(5317): warning C4244: “=”: 从“LONG”转换到“float”，可能丢失数据
     1>e:\work\project\test\labelky\facebz\facebzdlg.cpp(5318): warning C4244: “=”: 从“LONG”转换到“float”，可能丢失数据
     1>e:\work\project\test\labelky\facebz\facebzdlg.cpp(5319): warning C4244: “=”: 从“LONG”转换到“float”，可能丢失数据
     1>e:\work\project\test\labelky\facebz\facebzdlg.cpp(5444): warning C4244: “=”: 从“LONG”转换到“float”，可能丢失数据
     1>e:\work\project\test\labelky\facebz\facebzdlg.cpp(5445): warning C4244: “=”: 从“LONG”转换到“float”，可能丢失数据
     1>e:\work\project\test\labelky\facebz\facebzdlg.cpp(5446): warning C4244: “=”: 从“LONG”转换到“float”，可能丢失数据
     1>e:\work\project\test\labelky\facebz\facebzdlg.cpp(5447): warning C4244: “=”: 从“LONG”转换到“float”，可能丢失数据
     1>e:\work\project\test\labelky\facebz\facebzdlg.cpp(5544): warning C4018: “<”: 有符号/无符号不匹配
     1>e:\work\project\test\labelky\facebz\facebzdlg.cpp(5548): warning C4018: “<”: 有符号/无符号不匹配
     1>e:\work\project\test\labelky\facebz\facebzdlg.cpp(5579): warning C4244: “参数”: 从“float”转换到“int”，可能丢失数据
     1>e:\work\project\test\labelky\facebz\facebzdlg.cpp(5583): warning C4244: “参数”: 从“float”转换到“int”，可能丢失数据
     1>e:\work\project\test\labelky\facebz\facebzdlg.cpp(5589): warning C4244: “参数”: 从“float”转换到“int”，可能丢失数据
     1>e:\work\project\test\labelky\facebz\facebzdlg.cpp(5593): warning C4244: “参数”: 从“float”转换到“int”，可能丢失数据
     1>e:\work\project\test\labelky\facebz\facebzdlg.cpp(5616): warning C4018: “<”: 有符号/无符号不匹配
     1>e:\work\project\test\labelky\facebz\facebzdlg.cpp(5652): warning C4018: “<”: 有符号/无符号不匹配
     1>e:\work\project\test\labelky\facebz\facebzdlg.cpp(5703): warning C4244: “初始化”: 从“double”转换到“float”，可能丢失数据
     1>e:\work\project\test\labelky\facebz\facebzdlg.cpp(5704): warning C4244: “初始化”: 从“double”转换到“float”，可能丢失数据
     1>e:\work\project\test\labelky\facebz\facebzdlg.cpp(5705): warning C4244: “参数”: 从“float”转换到“int”，可能丢失数据
     1>e:\work\project\test\labelky\facebz\facebzdlg.cpp(5705): warning C4244: “参数”: 从“float”转换到“int”，可能丢失数据
     1>e:\work\project\test\labelky\facebz\facebzdlg.cpp(5705): warning C4244: “参数”: 从“float”转换到“int”，可能丢失数据
     1>e:\work\project\test\labelky\facebz\facebzdlg.cpp(5705): warning C4244: “参数”: 从“float”转换到“int”，可能丢失数据
     1>e:\work\project\test\labelky\facebz\facebzdlg.cpp(5706): warning C4244: “参数”: 从“float”转换到“int”，可能丢失数据
     1>e:\work\project\test\labelky\facebz\facebzdlg.cpp(5706): warning C4244: “参数”: 从“float”转换到“int”，可能丢失数据
     1>e:\work\project\test\labelky\facebz\facebzdlg.cpp(5706): warning C4244: “参数”: 从“float”转换到“int”，可能丢失数据
     1>e:\work\project\test\labelky\facebz\facebzdlg.cpp(5706): warning C4244: “参数”: 从“float”转换到“int”，可能丢失数据
     1>e:\work\project\test\labelky\facebz\facebzdlg.cpp(5782): warning C4244: “=”: 从“LONG”转换到“float”，可能丢失数据
     1>e:\work\project\test\labelky\facebz\facebzdlg.cpp(5783): warning C4244: “=”: 从“LONG”转换到“float”，可能丢失数据
     1>e:\work\project\test\labelky\facebz\facebzdlg.cpp(5785): warning C4018: “<”: 有符号/无符号不匹配
     1>e:\work\project\test\labelky\facebz\facebzdlg.cpp(5789): warning C4244: “=”: 从“LONG”转换到“float”，可能丢失数据
     1>e:\work\project\test\labelky\facebz\facebzdlg.cpp(5790): warning C4244: “=”: 从“LONG”转换到“float”，可能丢失数据
     1>e:\work\project\test\labelky\facebz\facebzdlg.cpp(5791): warning C4244: “参数”: 从“float”转换到“int”，可能丢失数据
     1>e:\work\project\test\labelky\facebz\facebzdlg.cpp(5791): warning C4244: “参数”: 从“float”转换到“int”，可能丢失数据
     1>e:\work\project\test\labelky\facebz\facebzdlg.cpp(5804): warning C4244: “参数”: 从“LONG”转换到“float”，可能丢失数据
     1>e:\work\project\test\labelky\facebz\facebzdlg.cpp(5804): warning C4244: “参数”: 从“LONG”转换到“float”，可能丢失数据
     1>e:\work\project\test\labelky\facebz\facebzdlg.cpp(5804): warning C4244: “参数”: 从“int”转换到“float”，可能丢失数据
     1>e:\work\project\test\labelky\facebz\facebzdlg.cpp(5804): warning C4244: “参数”: 从“LONG”转换到“float”，可能丢失数据
     1>e:\work\project\test\labelky\facebz\facebzdlg.cpp(5804): warning C4244: “参数”: 从“LONG”转换到“float”，可能丢失数据
     1>e:\work\project\test\labelky\facebz\facebzdlg.cpp(5813): warning C4018: “<”: 有符号/无符号不匹配
     1>e:\work\project\test\labelky\facebz\facebzdlg.cpp(5816): warning C4244: “参数”: 从“LONG”转换到“float”，可能丢失数据
     1>e:\work\project\test\labelky\facebz\facebzdlg.cpp(5816): warning C4244: “参数”: 从“LONG”转换到“float”，可能丢失数据
     1>e:\work\project\test\labelky\facebz\facebzdlg.cpp(5816): warning C4244: “参数”: 从“int”转换到“float”，可能丢失数据
     1>e:\work\project\test\labelky\facebz\facebzdlg.cpp(5816): warning C4244: “参数”: 从“LONG”转换到“float”，可能丢失数据
     1>e:\work\project\test\labelky\facebz\facebzdlg.cpp(5816): warning C4244: “参数”: 从“LONG”转换到“float”，可能丢失数据
     1>e:\work\project\test\labelky\facebz\facebzdlg.cpp(5819): warning C4244: “参数”: 从“float”转换到“int”，可能丢失数据
     1>e:\work\project\test\labelky\facebz\facebzdlg.cpp(5819): warning C4244: “参数”: 从“float”转换到“int”，可能丢失数据
     1>e:\work\project\test\labelky\facebz\facebzdlg.cpp(5858): warning C4244: “=”: 从“LONG”转换到“float”，可能丢失数据
     1>e:\work\project\test\labelky\facebz\facebzdlg.cpp(5859): warning C4244: “=”: 从“LONG”转换到“float”，可能丢失数据
     1>e:\work\project\test\labelky\facebz\facebzdlg.cpp(5860): warning C4244: “=”: 从“LONG”转换到“float”，可能丢失数据
     1>e:\work\project\test\labelky\facebz\facebzdlg.cpp(5861): warning C4244: “=”: 从“LONG”转换到“float”，可能丢失数据
     1>e:\work\project\test\labelky\facebz\facebzdlg.cpp(5881): warning C4244: “参数”: 从“float”转换到“int”，可能丢失数据
     1>e:\work\project\test\labelky\facebz\facebzdlg.cpp(5881): warning C4244: “参数”: 从“float”转换到“int”，可能丢失数据
     1>e:\work\project\test\labelky\facebz\facebzdlg.cpp(5882): warning C4244: “参数”: 从“float”转换到“int”，可能丢失数据
     1>e:\work\project\test\labelky\facebz\facebzdlg.cpp(5882): warning C4244: “参数”: 从“float”转换到“int”，可能丢失数据
     1>e:\work\project\test\labelky\facebz\facebzdlg.cpp(5883): warning C4244: “参数”: 从“float”转换到“int”，可能丢失数据
     1>e:\work\project\test\labelky\facebz\facebzdlg.cpp(5883): warning C4244: “参数”: 从“float”转换到“int”，可能丢失数据
     1>e:\work\project\test\labelky\facebz\facebzdlg.cpp(5884): warning C4244: “参数”: 从“float”转换到“int”，可能丢失数据
     1>e:\work\project\test\labelky\facebz\facebzdlg.cpp(5884): warning C4244: “参数”: 从“float”转换到“int”，可能丢失数据
     1>e:\work\project\test\labelky\facebz\facebzdlg.cpp(6014): warning C4244: “初始化”: 从“double”转换到“int”，可能丢失数据
     1>e:\work\project\test\labelky\facebz\facebzdlg.cpp(6016): warning C4244: “初始化”: 从“double”转换到“int”，可能丢失数据
     1>e:\work\project\test\labelky\facebz\facebzdlg.cpp(6076): warning C4244: “=”: 从“LONG”转换到“float”，可能丢失数据
     1>e:\work\project\test\labelky\facebz\facebzdlg.cpp(6077): warning C4244: “=”: 从“LONG”转换到“float”，可能丢失数据
     1>e:\work\project\test\labelky\facebz\facebzdlg.cpp(6079): warning C4018: “<”: 有符号/无符号不匹配
     1>e:\work\project\test\labelky\facebz\facebzdlg.cpp(6083): warning C4244: “=”: 从“LONG”转换到“float”，可能丢失数据
     1>e:\work\project\test\labelky\facebz\facebzdlg.cpp(6084): warning C4244: “=”: 从“LONG”转换到“float”，可能丢失数据
     1>e:\work\project\test\labelky\facebz\facebzdlg.cpp(6085): warning C4244: “参数”: 从“float”转换到“int”，可能丢失数据
     1>e:\work\project\test\labelky\facebz\facebzdlg.cpp(6085): warning C4244: “参数”: 从“float”转换到“int”，可能丢失数据
     1>e:\work\project\test\labelky\facebz\facebzdlg.cpp(6095): warning C4244: “参数”: 从“LONG”转换到“float”，可能丢失数据
     1>e:\work\project\test\labelky\facebz\facebzdlg.cpp(6095): warning C4244: “参数”: 从“LONG”转换到“float”，可能丢失数据
     1>e:\work\project\test\labelky\facebz\facebzdlg.cpp(6095): warning C4244: “参数”: 从“int”转换到“float”，可能丢失数据
     1>e:\work\project\test\labelky\facebz\facebzdlg.cpp(6095): warning C4244: “参数”: 从“LONG”转换到“float”，可能丢失数据
     1>e:\work\project\test\labelky\facebz\facebzdlg.cpp(6095): warning C4244: “参数”: 从“LONG”转换到“float”，可能丢失数据
     1>e:\work\project\test\labelky\facebz\facebzdlg.cpp(6104): warning C4018: “<”: 有符号/无符号不匹配
     1>e:\work\project\test\labelky\facebz\facebzdlg.cpp(6107): warning C4244: “参数”: 从“LONG”转换到“float”，可能丢失数据
     1>e:\work\project\test\labelky\facebz\facebzdlg.cpp(6107): warning C4244: “参数”: 从“LONG”转换到“float”，可能丢失数据
     1>e:\work\project\test\labelky\facebz\facebzdlg.cpp(6107): warning C4244: “参数”: 从“int”转换到“float”，可能丢失数据
     1>e:\work\project\test\labelky\facebz\facebzdlg.cpp(6107): warning C4244: “参数”: 从“LONG”转换到“float”，可能丢失数据
     1>e:\work\project\test\labelky\facebz\facebzdlg.cpp(6107): warning C4244: “参数”: 从“LONG”转换到“float”，可能丢失数据
     1>e:\work\project\test\labelky\facebz\facebzdlg.cpp(6110): warning C4244: “参数”: 从“float”转换到“int”，可能丢失数据
     1>e:\work\project\test\labelky\facebz\facebzdlg.cpp(6110): warning C4244: “参数”: 从“float”转换到“int”，可能丢失数据
     1>e:\work\project\test\labelky\facebz\facebzdlg.cpp(6117): warning C4244: “=”: 从“LONG”转换到“float”，可能丢失数据
     1>e:\work\project\test\labelky\facebz\facebzdlg.cpp(6118): warning C4244: “=”: 从“LONG”转换到“float”，可能丢失数据
     1>e:\work\project\test\labelky\facebz\facebzdlg.cpp(6119): warning C4244: “=”: 从“LONG”转换到“float”，可能丢失数据
     1>e:\work\project\test\labelky\facebz\facebzdlg.cpp(6120): warning C4244: “=”: 从“LONG”转换到“float”，可能丢失数据
     1>e:\work\project\test\labelky\facebz\facebzdlg.cpp(6140): warning C4244: “参数”: 从“float”转换到“int”，可能丢失数据
     1>e:\work\project\test\labelky\facebz\facebzdlg.cpp(6140): warning C4244: “参数”: 从“float”转换到“int”，可能丢失数据
     1>e:\work\project\test\labelky\facebz\facebzdlg.cpp(6141): warning C4244: “参数”: 从“float”转换到“int”，可能丢失数据
     1>e:\work\project\test\labelky\facebz\facebzdlg.cpp(6141): warning C4244: “参数”: 从“float”转换到“int”，可能丢失数据
     1>e:\work\project\test\labelky\facebz\facebzdlg.cpp(6142): warning C4244: “参数”: 从“float”转换到“int”，可能丢失数据
     1>e:\work\project\test\labelky\facebz\facebzdlg.cpp(6142): warning C4244: “参数”: 从“float”转换到“int”，可能丢失数据
     1>e:\work\project\test\labelky\facebz\facebzdlg.cpp(6143): warning C4244: “参数”: 从“float”转换到“int”，可能丢失数据
     1>e:\work\project\test\labelky\facebz\facebzdlg.cpp(6143): warning C4244: “参数”: 从“float”转换到“int”，可能丢失数据
     1>e:\work\project\test\labelky\facebz\facebzdlg.cpp(6297): warning C4018: “<”: 有符号/无符号不匹配
     1>e:\work\project\test\labelky\facebz\facebzdlg.cpp(6301): warning C4018: “<”: 有符号/无符号不匹配
     1>e:\work\project\test\labelky\facebz\facebzdlg.cpp(6304): warning C4018: “<”: 有符号/无符号不匹配
     1>e:\work\project\test\labelky\facebz\facebzdlg.cpp(6326): warning C4018: “<”: 有符号/无符号不匹配
     1>e:\work\project\test\labelky\facebz\facebzdlg.cpp(6357): warning C4244: “参数”: 从“float”转换到“int”，可能丢失数据
     1>e:\work\project\test\labelky\facebz\facebzdlg.cpp(6361): warning C4244: “参数”: 从“float”转换到“int”，可能丢失数据
     1>e:\work\project\test\labelky\facebz\facebzdlg.cpp(6367): warning C4244: “参数”: 从“float”转换到“int”，可能丢失数据
     1>e:\work\project\test\labelky\facebz\facebzdlg.cpp(6371): warning C4244: “参数”: 从“float”转换到“int”，可能丢失数据
     1>e:\work\project\test\labelky\facebz\facebzdlg.cpp(6384): warning C4018: “<”: 有符号/无符号不匹配
     1>e:\work\project\test\labelky\facebz\facebzdlg.cpp(6438): warning C4018: “<”: 有符号/无符号不匹配
     1>e:\work\project\test\labelky\facebz\facebzdlg.cpp(6544): warning C4305: “初始化”: 从“double”到“float”截断
     1>e:\work\project\test\labelky\facebz\facebzdlg.cpp(6573): warning C4101: “Buf”: 未引用的局部变量
     1>e:\work\project\test\labelky\facebz\facebzdlg.cpp(6715): warning C4018: “<”: 有符号/无符号不匹配
     1>e:\work\project\test\labelky\facebz\facebzdlg.cpp(6758): warning C4018: “<”: 有符号/无符号不匹配
     1>e:\work\project\test\labelky\facebz\facebzdlg.cpp(6795): warning C4018: “<”: 有符号/无符号不匹配
     1>e:\work\project\test\labelky\facebz\facebzdlg.cpp(6802): warning C4244: “初始化”: 从“double”转换到“float”，可能丢失数据
     1>e:\work\project\test\labelky\facebz\facebzdlg.cpp(6803): warning C4244: “初始化”: 从“double”转换到“float”，可能丢失数据
     1>e:\work\project\test\labelky\facebz\facebzdlg.cpp(6804): warning C4244: “初始化”: 从“LONG”转换到“float”，可能丢失数据
     1>e:\work\project\test\labelky\facebz\facebzdlg.cpp(6805): warning C4244: “初始化”: 从“LONG”转换到“float”，可能丢失数据
     1>e:\work\project\test\labelky\facebz\facebzdlg.cpp(6724): warning C4101: “Buf”: 未引用的局部变量
     1>e:\work\project\test\labelky\facebz\facebzdlg.cpp(6889): warning C4018: “<”: 有符号/无符号不匹配
     1>e:\work\project\test\labelky\facebz\facebzdlg.cpp(6893): warning C4018: “<”: 有符号/无符号不匹配
     1>e:\work\project\test\labelky\facebz\facebzdlg.cpp(6924): warning C4244: “参数”: 从“float”转换到“int”，可能丢失数据
     1>e:\work\project\test\labelky\facebz\facebzdlg.cpp(6928): warning C4244: “参数”: 从“float”转换到“int”，可能丢失数据
     1>e:\work\project\test\labelky\facebz\facebzdlg.cpp(6934): warning C4244: “参数”: 从“float”转换到“int”，可能丢失数据
     1>e:\work\project\test\labelky\facebz\facebzdlg.cpp(6938): warning C4244: “参数”: 从“float”转换到“int”，可能丢失数据
     1>e:\work\project\test\labelky\facebz\facebzdlg.cpp(6961): warning C4018: “<”: 有符号/无符号不匹配
     1>e:\work\project\test\labelky\facebz\facebzdlg.cpp(6997): warning C4018: “<”: 有符号/无符号不匹配
     1>e:\work\project\test\labelky\facebz\facebzdlg.cpp(7122): warning C4244: “初始化”: 从“int”转换到“float”，可能丢失数据
     1>e:\work\project\test\labelky\facebz\facebzdlg.cpp(7123): warning C4244: “初始化”: 从“int”转换到“float”，可能丢失数据
     1>e:\work\project\test\labelky\facebz\facebzdlg.cpp(7184): warning C4244: “初始化”: 从“double”转换到“float”，可能丢失数据
     1>e:\work\project\test\labelky\facebz\facebzdlg.cpp(7248): warning C4018: “<”: 有符号/无符号不匹配
     1>e:\work\project\test\labelky\facebz\facebzdlg.cpp(7252): warning C4018: “<”: 有符号/无符号不匹配
     1>e:\work\project\test\labelky\facebz\facebzdlg.cpp(7283): warning C4244: “参数”: 从“float”转换到“int”，可能丢失数据
     1>e:\work\project\test\labelky\facebz\facebzdlg.cpp(7287): warning C4244: “参数”: 从“float”转换到“int”，可能丢失数据
     1>e:\work\project\test\labelky\facebz\facebzdlg.cpp(7293): warning C4244: “参数”: 从“float”转换到“int”，可能丢失数据
     1>e:\work\project\test\labelky\facebz\facebzdlg.cpp(7297): warning C4244: “参数”: 从“float”转换到“int”，可能丢失数据
     1>e:\work\project\test\labelky\facebz\facebzdlg.cpp(7314): warning C4018: “<”: 有符号/无符号不匹配
     1>e:\work\project\test\labelky\facebz\facebzdlg.cpp(7443): warning C4244: “初始化”: 从“int”转换到“float”，可能丢失数据
     1>e:\work\project\test\labelky\facebz\facebzdlg.cpp(7444): warning C4244: “初始化”: 从“int”转换到“float”，可能丢失数据
     1>e:\work\project\test\labelky\facebz\facebzdlg.cpp(7666): warning C4244: “+=”: 从“float”转换到“int”，可能丢失数据
     1>e:\work\project\test\labelky\facebz\facebzdlg.cpp(7724): warning C4244: “=”: 从“float”转换到“int”，可能丢失数据
     1>e:\work\project\test\labelky\facebz\facebzdlg.cpp(7726): warning C4244: “=”: 从“int”转换到“float”，可能丢失数据
     1>e:\work\project\test\labelky\facebz\facebzdlg.cpp(7739): warning C4305: “初始化”: 从“double”到“float”截断
     1>e:\work\project\test\labelky\facebz\facebzdlg.cpp(7739): warning C4305: “初始化”: 从“double”到“float”截断
     1>e:\work\project\test\labelky\facebz\facebzdlg.cpp(7739): warning C4305: “初始化”: 从“double”到“float”截断
     1>e:\work\project\test\labelky\facebz\facebzdlg.cpp(7740): warning C4305: “初始化”: 从“double”到“float”截断
     1>e:\work\project\test\labelky\facebz\facebzdlg.cpp(7740): warning C4305: “初始化”: 从“double”到“float”截断
     1>e:\work\project\test\labelky\facebz\facebzdlg.cpp(7740): warning C4305: “初始化”: 从“double”到“float”截断
     1>e:\work\project\test\labelky\facebz\facebzdlg.cpp(7741): warning C4305: “初始化”: 从“double”到“float”截断
     1>e:\work\project\test\labelky\facebz\facebzdlg.cpp(7741): warning C4305: “初始化”: 从“double”到“float”截断
     1>e:\work\project\test\labelky\facebz\facebzdlg.cpp(7741): warning C4305: “初始化”: 从“double”到“float”截断
     1>e:\work\project\test\labelky\facebz\facebzdlg.cpp(7784): warning C4244: “参数”: 从“double”转换到“int”，可能丢失数据
     1>e:\work\project\test\labelky\facebz\facebzdlg.cpp(7838): warning C4244: “=”: 从“float”转换到“unsigned char”，可能丢失数据
     1>e:\work\project\test\labelky\facebz\facebzdlg.cpp(7893): warning C4244: “=”: 从“float”转换到“unsigned char”，可能丢失数据
     1>e:\work\project\test\labelky\facebz\facebzdlg.cpp(7926): warning C4018: “<”: 有符号/无符号不匹配
     1>e:\work\project\test\labelky\facebz\facebzdlg.cpp(7930): warning C4018: “<”: 有符号/无符号不匹配
     1>e:\work\project\test\labelky\facebz\facebzdlg.cpp(7961): warning C4244: “参数”: 从“float”转换到“int”，可能丢失数据
     1>e:\work\project\test\labelky\facebz\facebzdlg.cpp(7965): warning C4244: “参数”: 从“float”转换到“int”，可能丢失数据
     1>e:\work\project\test\labelky\facebz\facebzdlg.cpp(7971): warning C4244: “参数”: 从“float”转换到“int”，可能丢失数据
     1>e:\work\project\test\labelky\facebz\facebzdlg.cpp(7975): warning C4244: “参数”: 从“float”转换到“int”，可能丢失数据
     1>e:\work\project\test\labelky\facebz\facebzdlg.cpp(7998): warning C4018: “<”: 有符号/无符号不匹配
     1>e:\work\project\test\labelky\facebz\facebzdlg.cpp(8034): warning C4018: “<”: 有符号/无符号不匹配
     1>e:\work\project\test\labelky\facebz\facebzdlg.cpp(8217): warning C4018: “<”: 有符号/无符号不匹配
     1>e:\work\project\test\labelky\facebz\facebzdlg.cpp(8224): warning C4018: “<”: 有符号/无符号不匹配
     1>e:\work\project\test\labelky\facebz\facebzdlg.cpp(8261): warning C4244: “初始化”: 从“int”转换到“float”，可能丢失数据
     1>e:\work\project\test\labelky\facebz\facebzdlg.cpp(8264): warning C4244: “初始化”: 从“float”转换到“int”，可能丢失数据
     1>e:\work\project\test\labelky\facebz\facebzdlg.cpp(8265): warning C4244: “初始化”: 从“float”转换到“int”，可能丢失数据
     1>e:\work\project\test\labelky\facebz\facebzdlg.cpp(8295): warning C4244: “=”: 从“LONG”转换到“float”，可能丢失数据
     1>e:\work\project\test\labelky\facebz\facebzdlg.cpp(8296): warning C4244: “=”: 从“LONG”转换到“float”，可能丢失数据
     1>e:\work\project\test\labelky\facebz\facebzdlg.cpp(8297): warning C4244: “=”: 从“LONG”转换到“float”，可能丢失数据
     1>e:\work\project\test\labelky\facebz\facebzdlg.cpp(8298): warning C4244: “=”: 从“LONG”转换到“float”，可能丢失数据
     1>e:\work\project\test\labelky\facebz\facebzdlg.cpp(8415): warning C4018: “<”: 有符号/无符号不匹配
     1>e:\work\project\test\labelky\facebz\facebzdlg.cpp(8726): warning C4018: “<”: 有符号/无符号不匹配
     1>e:\work\project\test\labelky\facebz\facebzdlg.cpp(8692): warning C4101: “Buf”: 未引用的局部变量
     1>e:\work\project\test\labelky\facebz\facebzdlg.cpp(9185): warning C4018: “<”: 有符号/无符号不匹配
     1>e:\work\project\test\labelky\facebz\facebzdlg.cpp(9230): warning C4018: “<”: 有符号/无符号不匹配
     1>e:\work\project\test\labelky\facebz\facebzdlg.cpp(9737): warning C4018: “<”: 有符号/无符号不匹配
     1>e:\work\project\test\labelky\facebz\facebzdlg.cpp(9740): warning C4244: “初始化”: 从“double”转换到“int”，可能丢失数据
     1>e:\work\project\test\labelky\facebz\facebzdlg.cpp(9785): warning C4018: “<”: 有符号/无符号不匹配
     1>e:\work\project\test\labelky\facebz\facebzdlg.cpp(9788): warning C4244: “初始化”: 从“double”转换到“int”，可能丢失数据
     1>e:\work\project\test\labelky\facebz\facebzdlg.cpp(9836): warning C4018: “<”: 有符号/无符号不匹配
     1>e:\work\project\test\labelky\facebz\facebzdlg.cpp(9839): warning C4244: “初始化”: 从“double”转换到“int”，可能丢失数据
     1>e:\work\project\test\labelky\facebz\facebzdlg.cpp(9890): warning C4244: “初始化”: 从“float”转换到“int”，可能丢失数据
     1>e:\work\project\test\labelky\facebz\facebzdlg.cpp(9891): warning C4244: “初始化”: 从“float”转换到“int”，可能丢失数据
     1>e:\work\project\test\labelky\facebz\facebzdlg.cpp(9906): warning C4018: “<”: 有符号/无符号不匹配
     1>e:\work\project\test\labelky\facebz\facebzdlg.cpp(9911): warning C4244: “=”: 从“float”转换到“LONG”，可能丢失数据
     1>e:\work\project\test\labelky\facebz\facebzdlg.cpp(9912): warning C4244: “=”: 从“float”转换到“LONG”，可能丢失数据
     1>e:\work\project\test\labelky\facebz\facebzdlg.cpp(9933): warning C4018: “<”: 有符号/无符号不匹配
     1>e:\work\project\test\labelky\facebz\facebzdlg.cpp(9936): warning C4244: “初始化”: 从“double”转换到“int”，可能丢失数据
     1>e:\work\project\test\labelky\facebz\facebzdlg.cpp(9968): warning C4018: “<”: 有符号/无符号不匹配
     1>e:\work\project\test\labelky\facebz\facebzdlg.cpp(9971): warning C4244: “初始化”: 从“double”转换到“int”，可能丢失数据
     1>e:\work\project\test\labelky\facebz\facebzdlg.cpp(10042): warning C4018: “<”: 有符号/无符号不匹配
     1>e:\work\project\test\labelky\facebz\facebzdlg.cpp(10070): warning C4018: “<”: 有符号/无符号不匹配
     1>e:\work\project\test\labelky\facebz\facebzdlg.cpp(10080): warning C4018: “<”: 有符号/无符号不匹配
     1>e:\work\project\test\labelky\facebz\facebzdlg.cpp(10090): warning C4018: “<”: 有符号/无符号不匹配
     1>e:\work\project\test\labelky\facebz\facebzdlg.cpp(10138): warning C4244: “=”: 从“double”转换到“unsigned char”，可能丢失数据
     1>e:\work\project\test\labelky\facebz\facebzdlg.cpp(10167): warning C4305: “*=”: 从“double”到“float”截断
     1>e:\work\project\test\labelky\facebz\facebzdlg.cpp(10170): warning C4244: “=”: 从“double”转换到“unsigned char”，可能丢失数据
     1>e:\work\project\test\labelky\facebz\facebzdlg.cpp(10306): warning C4244: “初始化”: 从“double”转换到“int”，可能丢失数据
     1>e:\work\project\test\labelky\facebz\facebzdlg.cpp(10307): warning C4244: “初始化”: 从“double”转换到“int”，可能丢失数据
     1>e:\work\project\test\labelky\facebz\facebzdlg.cpp(10333): warning C4018: “<”: 有符号/无符号不匹配
     1>e:\work\project\test\labelky\facebz\facebzdlg.cpp(10335): warning C4018: “<”: 有符号/无符号不匹配
     1>e:\work\project\test\labelky\facebz\facebzdlg.cpp(10403): warning C4018: “<”: 有符号/无符号不匹配
     1>e:\work\project\test\labelky\facebz\facebzdlg.cpp(10445): warning C4018: “<”: 有符号/无符号不匹配
     1>e:\work\project\test\labelky\facebz\facebzdlg.cpp(10460): warning C4018: “<”: 有符号/无符号不匹配
     1>e:\work\project\test\labelky\facebz\facebzdlg.cpp(10468): warning C4258: “k”: 忽略 For 循环中的定义；使用封闭范围中的定义
                 e:\work\project\test\labelky\facebz\facebzdlg.cpp(10460) : 忽略“k”的定义
                 e:\work\project\test\labelky\facebz\facebzdlg.cpp(10444) : 使用“k”的定义
     1>e:\work\project\test\labelky\facebz\facebzdlg.cpp(10473): warning C4018: “>”: 有符号/无符号不匹配
     1>e:\work\project\test\labelky\facebz\facebzdlg.cpp(10722): warning C4244: “参数”: 从“double”转换到“int”，可能丢失数据
     1>e:\work\project\test\labelky\facebz\facebzdlg.cpp(10723): warning C4244: “参数”: 从“double”转换到“int”，可能丢失数据
     1>e:\work\project\test\labelky\facebz\facebzdlg.cpp(10724): warning C4244: “参数”: 从“double”转换到“int”，可能丢失数据
     1>e:\work\project\test\labelky\facebz\facebzdlg.cpp(10748): warning C4244: “参数”: 从“double”转换到“int”，可能丢失数据
     1>e:\work\project\test\labelky\facebz\facebzdlg.cpp(10749): warning C4244: “参数”: 从“double”转换到“int”，可能丢失数据
     1>e:\work\project\test\labelky\facebz\facebzdlg.cpp(10750): warning C4244: “参数”: 从“double”转换到“int”，可能丢失数据
     1>e:\work\project\test\labelky\facebz\facebzdlg.cpp(10809): warning C4018: “<”: 有符号/无符号不匹配
     1>e:\work\project\test\labelky\facebz\facebzdlg.cpp(10858): warning C4018: “<”: 有符号/无符号不匹配
     1>e:\work\project\test\labelky\facebz\facebzdlg.cpp(10933): warning C4018: “<”: 有符号/无符号不匹配
     1>e:\work\project\test\labelky\facebz\facebzdlg.cpp(11013): warning C4018: “<”: 有符号/无符号不匹配
     1>e:\work\project\test\labelky\facebz\facebzdlg.cpp(11115): warning C4018: “<”: 有符号/无符号不匹配
     1>e:\work\project\test\labelky\facebz\facebzdlg.cpp(11199): warning C4018: “<”: 有符号/无符号不匹配
     1>e:\work\project\test\labelky\facebz\facebzdlg.cpp(11166): warning C4101: “Buf”: 未引用的局部变量
     1>e:\work\project\test\labelky\facebz\facebzdlg.cpp(11404): warning C4018: “<”: 有符号/无符号不匹配
     1>e:\work\project\test\labelky\facebz\facebzdlg.cpp(11406): warning C4018: “<”: 有符号/无符号不匹配
     1>e:\work\project\test\labelky\facebz\facebzdlg.cpp(11430): warning C4018: “<”: 有符号/无符号不匹配
     1>e:\work\project\test\labelky\facebz\facebzdlg.cpp(11434): warning C4018: “<”: 有符号/无符号不匹配
     1>e:\work\project\test\labelky\facebz\facebzdlg.cpp(11437): warning C4018: “<”: 有符号/无符号不匹配
     1>e:\work\project\test\labelky\facebz\facebzdlg.cpp(11459): warning C4018: “<”: 有符号/无符号不匹配
     1>e:\work\project\test\labelky\facebz\facebzdlg.cpp(11490): warning C4244: “参数”: 从“float”转换到“int”，可能丢失数据
     1>e:\work\project\test\labelky\facebz\facebzdlg.cpp(11494): warning C4244: “参数”: 从“float”转换到“int”，可能丢失数据
     1>e:\work\project\test\labelky\facebz\facebzdlg.cpp(11500): warning C4244: “参数”: 从“float”转换到“int”，可能丢失数据
     1>e:\work\project\test\labelky\facebz\facebzdlg.cpp(11504): warning C4244: “参数”: 从“float”转换到“int”，可能丢失数据
     1>e:\work\project\test\labelky\facebz\facebzdlg.cpp(11517): warning C4018: “<”: 有符号/无符号不匹配
     1>e:\work\project\test\labelky\facebz\facebzdlg.cpp(11571): warning C4018: “<”: 有符号/无符号不匹配
     1>e:\work\project\test\labelky\facebz\facebzdlg.cpp(11608): warning C4018: “<”: 有符号/无符号不匹配
     1>e:\work\project\test\labelky\facebz\facebzdlg.cpp(11641): warning C4244: “=”: 从“double”转换到“unsigned char”，可能丢失数据
     1>e:\work\project\test\labelky\facebz\facebzdlg.cpp(11647): warning C4018: “<”: 有符号/无符号不匹配
     1>e:\work\project\test\labelky\facebz\facebzdlg.cpp(11758): warning C4018: “<”: 有符号/无符号不匹配
     1>e:\work\project\test\labelky\facebz\facebzdlg.cpp(11796): warning C4018: “<”: 有符号/无符号不匹配
     1>e:\work\project\test\labelky\facebz\facebzdlg.cpp(11800): warning C4018: “<”: 有符号/无符号不匹配
     1>e:\work\project\test\labelky\facebz\facebzdlg.cpp(11803): warning C4018: “<”: 有符号/无符号不匹配
     1>e:\work\project\test\labelky\facebz\facebzdlg.cpp(11825): warning C4018: “<”: 有符号/无符号不匹配
     1>e:\work\project\test\labelky\facebz\facebzdlg.cpp(11856): warning C4244: “参数”: 从“float”转换到“int”，可能丢失数据
     1>e:\work\project\test\labelky\facebz\facebzdlg.cpp(11860): warning C4244: “参数”: 从“float”转换到“int”，可能丢失数据
     1>e:\work\project\test\labelky\facebz\facebzdlg.cpp(11866): warning C4244: “参数”: 从“float”转换到“int”，可能丢失数据
     1>e:\work\project\test\labelky\facebz\facebzdlg.cpp(11870): warning C4244: “参数”: 从“float”转换到“int”，可能丢失数据
     1>e:\work\project\test\labelky\facebz\facebzdlg.cpp(11883): warning C4018: “<”: 有符号/无符号不匹配
     1>e:\work\project\test\labelky\facebz\facebzdlg.cpp(11937): warning C4018: “<”: 有符号/无符号不匹配
     1>e:\work\project\test\labelky\facebz\facebzdlg.cpp(12011): warning C4244: “=”: 从“double”转换到“unsigned char”，可能丢失数据
     1>e:\work\project\test\labelky\facebz\facebzdlg.cpp(12055): warning C4305: “*=”: 从“double”到“float”截断
     1>e:\work\project\test\labelky\facebz\facebzdlg.cpp(12061): warning C4244: “=”: 从“double”转换到“unsigned char”，可能丢失数据
     1>e:\work\project\test\labelky\facebz\facebzdlg.cpp(12086): warning C4018: “<”: 有符号/无符号不匹配
     1>e:\work\project\test\labelky\facebz\facebzdlg.cpp(12091): warning C4018: “<”: 有符号/无符号不匹配
     1>e:\work\project\test\labelky\facebz\facebzdlg.cpp(12106): warning C4018: “<”: 有符号/无符号不匹配
     1>e:\work\project\test\labelky\facebz\facebzdlg.cpp(12118): warning C4018: “<”: 有符号/无符号不匹配
     1>e:\work\project\test\labelky\facebz\facebzdlg.cpp(12140): warning C4018: “<”: 有符号/无符号不匹配
     1>e:\work\project\test\labelky\facebz\facebzdlg.cpp(12171): warning C4244: “参数”: 从“float”转换到“int”，可能丢失数据
     1>e:\work\project\test\labelky\facebz\facebzdlg.cpp(12175): warning C4244: “参数”: 从“float”转换到“int”，可能丢失数据
     1>e:\work\project\test\labelky\facebz\facebzdlg.cpp(12181): warning C4244: “参数”: 从“float”转换到“int”，可能丢失数据
     1>e:\work\project\test\labelky\facebz\facebzdlg.cpp(12185): warning C4244: “参数”: 从“float”转换到“int”，可能丢失数据
     1>e:\work\project\test\labelky\facebz\facebzdlg.cpp(12198): warning C4018: “<”: 有符号/无符号不匹配
     1>e:\work\project\test\labelky\facebz\facebzdlg.cpp(12252): warning C4018: “<”: 有符号/无符号不匹配
     1>e:\work\project\test\labelky\facebz\facebzdlg.cpp(12257): warning C4244: “初始化”: 从“double”转换到“float”，可能丢失数据
     1>e:\work\project\test\labelky\facebz\facebzdlg.cpp(12258): warning C4244: “初始化”: 从“double”转换到“float”，可能丢失数据
     1>e:\work\project\test\labelky\facebz\facebzdlg.cpp(12453): warning C4018: “<”: 有符号/无符号不匹配
     1>e:\work\project\test\labelky\facebz\facebzdlg.cpp(12598): warning C4244: “初始化”: 从“float”转换到“int”，可能丢失数据
     1>e:\work\project\test\labelky\facebz\facebzdlg.cpp(12599): warning C4244: “初始化”: 从“float”转换到“int”，可能丢失数据
     1>e:\work\project\test\labelky\facebz\facebzdlg.cpp(12614): warning C4018: “<”: 有符号/无符号不匹配
     1>e:\work\project\test\labelky\facebz\facebzdlg.cpp(12619): warning C4244: “=”: 从“float”转换到“LONG”，可能丢失数据
     1>e:\work\project\test\labelky\facebz\facebzdlg.cpp(12620): warning C4244: “=”: 从“float”转换到“LONG”，可能丢失数据
     1>e:\work\project\test\labelky\facebz\facebzdlg.cpp(12668): warning C4018: “<”: 有符号/无符号不匹配
     1>e:\work\project\test\labelky\facebz\facebzdlg.cpp(12669): warning C4018: “<”: 有符号/无符号不匹配
     1>e:\work\project\test\labelky\facebz\facebzdlg.cpp(12683): warning C4018: “<”: 有符号/无符号不匹配
     1>e:\work\project\test\labelky\facebz\facebzdlg.cpp(12705): warning C4018: “<”: 有符号/无符号不匹配
     1>e:\work\project\test\labelky\facebz\facebzdlg.cpp(12706): warning C4018: “<”: 有符号/无符号不匹配
     1>e:\work\project\test\labelky\facebz\facebzdlg.cpp(12720): warning C4018: “<”: 有符号/无符号不匹配
     1>e:\work\project\test\labelky\facebz\facebzdlg.cpp(12737): warning C4018: “<”: 有符号/无符号不匹配
     1>e:\work\project\test\labelky\facebz\facebzdlg.cpp(12750): warning C4018: “<”: 有符号/无符号不匹配
     1>e:\work\project\test\labelky\facebz\facebzdlg.cpp(12922): warning C4018: “<”: 有符号/无符号不匹配
     1>e:\work\project\test\labelky\facebz\facebzdlg.cpp(13125): warning C4244: “=”: 从“float”转换到“unsigned char”，可能丢失数据
     1>e:\work\project\test\labelky\facebz\facebzdlg.cpp(13151): warning C4018: “<”: 有符号/无符号不匹配
     1>e:\work\project\test\labelky\facebz\facebzdlg.cpp(13172): warning C4018: “<”: 有符号/无符号不匹配
     1>e:\work\project\test\labelky\facebz\facebzdlg.cpp(13251): warning C4244: “参数”: 从“double”转换到“int”，可能丢失数据
     1>e:\work\project\test\labelky\facebz\facebzdlg.cpp(13255): warning C4244: “参数”: 从“double”转换到“int”，可能丢失数据
     1>e:\work\project\test\labelky\facebz\facebzdlg.cpp(13256): warning C4244: “参数”: 从“double”转换到“int”，可能丢失数据
     1>e:\work\project\test\labelky\facebz\facebzdlg.cpp(13278): warning C4244: “参数”: 从“double”转换到“int”，可能丢失数据
     1>e:\work\project\test\labelky\facebz\facebzdlg.cpp(13282): warning C4244: “参数”: 从“double”转换到“int”，可能丢失数据
     1>e:\work\project\test\labelky\facebz\facebzdlg.cpp(13283): warning C4244: “参数”: 从“double”转换到“int”，可能丢失数据
     1>e:\work\project\test\labelky\facebz\facebzdlg.cpp(13426): warning C4018: “<”: 有符号/无符号不匹配
     1>e:\work\project\test\labelky\facebz\facebzdlg.cpp(13558): warning C4018: “<”: 有符号/无符号不匹配
     1>e:\work\project\test\labelky\facebz\facebzdlg.cpp(13560): warning C4018: “<”: 有符号/无符号不匹配
     1>e:\work\project\test\labelky\facebz\facebzdlg.cpp(13640): warning C4244: “初始化”: 从“float”转换到“int”，可能丢失数据
     1>e:\work\project\test\labelky\facebz\facebzdlg.cpp(13641): warning C4244: “初始化”: 从“float”转换到“int”，可能丢失数据
     1>e:\work\project\test\labelky\facebz\facebzdlg.cpp(13648): warning C4244: “=”: 从“float”转换到“unsigned char”，可能丢失数据
     1>e:\work\project\test\labelky\facebz\facebzdlg.cpp(13650): warning C4244: “=”: 从“float”转换到“unsigned char”，可能丢失数据
     1>e:\work\project\test\labelky\facebz\facebzdlg.cpp(13672): warning C4305: “初始化”: 从“double”到“float”截断
     1>e:\work\project\test\labelky\facebz\facebzdlg.cpp(13672): warning C4305: “初始化”: 从“double”到“float”截断
     1>e:\work\project\test\labelky\facebz\facebzdlg.cpp(13672): warning C4305: “初始化”: 从“double”到“float”截断
     1>e:\work\project\test\labelky\facebz\facebzdlg.cpp(13673): warning C4305: “初始化”: 从“double”到“float”截断
     1>e:\work\project\test\labelky\facebz\facebzdlg.cpp(13673): warning C4305: “初始化”: 从“double”到“float”截断
     1>e:\work\project\test\labelky\facebz\facebzdlg.cpp(13673): warning C4305: “初始化”: 从“double”到“float”截断
     1>e:\work\project\test\labelky\facebz\facebzdlg.cpp(13674): warning C4305: “初始化”: 从“double”到“float”截断
     1>e:\work\project\test\labelky\facebz\facebzdlg.cpp(13674): warning C4305: “初始化”: 从“double”到“float”截断
     1>e:\work\project\test\labelky\facebz\facebzdlg.cpp(13674): warning C4305: “初始化”: 从“double”到“float”截断
     1>e:\work\project\test\labelky\facebz\facebzdlg.cpp(13708): warning C4244: “=”: 从“double”转换到“float”，可能丢失数据
     1>e:\work\project\test\labelky\facebz\facebzdlg.cpp(13727): warning C4244: “参数”: 从“double”转换到“int”，可能丢失数据
     1>e:\work\project\test\labelky\facebz\facebzdlg.cpp(13824): warning C4244: “=”: 从“int”转换到“float”，可能丢失数据
     1>e:\work\project\test\labelky\facebz\facebzdlg.cpp(13841): warning C4244: “初始化”: 从“float”转换到“int”，可能丢失数据
     1>e:\work\project\test\labelky\facebz\facebzdlg.cpp(13842): warning C4244: “+=”: 从“float”转换到“int”，可能丢失数据
     1>e:\work\project\test\labelky\facebz\facebzdlg.cpp(14158): warning C4244: “参数”: 从“float”转换到“int”，可能丢失数据
     1>e:\work\project\test\labelky\facebz\facebzdlg.cpp(14167): warning C4018: “<”: 有符号/无符号不匹配
     1>e:\work\project\test\labelky\facebz\facebzdlg.cpp(14359): warning C4018: “<”: 有符号/无符号不匹配
     1>e:\work\project\test\labelky\facebz\facebzdlg.cpp(14411): warning C4018: “<”: 有符号/无符号不匹配
     1>e:\work\project\test\labelky\facebz\facebzdlg.cpp(14803): warning C4018: “<”: 有符号/无符号不匹配
     1>e:\work\project\test\labelky\facebz\facebzdlg.cpp(14819): warning C4018: “<”: 有符号/无符号不匹配
     1>e:\work\project\test\labelky\facebz\facebzdlg.cpp(14769): warning C4101: “Buf”: 未引用的局部变量
     1>e:\work\project\test\labelky\facebz\facebzdlg.cpp(14915): warning C4018: “<”: 有符号/无符号不匹配
     1>e:\work\project\test\labelky\facebz\facebzdlg.cpp(14933): warning C4244: “参数”: 从“double”转换到“LPARAM”，可能丢失数据
     1>e:\work\project\test\labelky\facebz\facebzdlg.cpp(14881): warning C4101: “Buf”: 未引用的局部变量
     1>e:\work\project\test\labelky\facebz\facebzdlg.cpp(15020): warning C4018: “<”: 有符号/无符号不匹配
     1>e:\work\project\test\labelky\facebz\facebzdlg.cpp(15046): warning C4018: “<”: 有符号/无符号不匹配
     1>e:\work\project\test\labelky\facebz\facebzdlg.cpp(15062): warning C4018: “<”: 有符号/无符号不匹配
     1>e:\work\project\test\labelky\facebz\facebzdlg.cpp(15079): warning C4018: “<”: 有符号/无符号不匹配
     1>e:\work\project\test\labelky\facebz\facebzdlg.cpp(15083): warning C4018: “<”: 有符号/无符号不匹配
     1>e:\work\project\test\labelky\facebz\facebzdlg.cpp(15099): warning C4018: “<”: 有符号/无符号不匹配
     1>e:\work\project\test\labelky\facebz\facebzdlg.cpp(15103): warning C4018: “<”: 有符号/无符号不匹配
     1>e:\work\project\test\labelky\facebz\facebzdlg.cpp(14986): warning C4101: “Buf”: 未引用的局部变量
     1>e:\work\project\test\labelky\facebz\facebzdlg.cpp(15228): warning C4018: “<”: 有符号/无符号不匹配
     1>e:\work\project\test\labelky\facebz\facebzdlg.cpp(15265): warning C4018: “<”: 有符号/无符号不匹配
     1>e:\work\project\test\labelky\facebz\facebzdlg.cpp(15273): warning C4018: “<”: 有符号/无符号不匹配
     1>e:\work\project\test\labelky\facebz\facebzdlg.cpp(15276): warning C4244: “初始化”: 从“double”转换到“float”，可能丢失数据
     1>e:\work\project\test\labelky\facebz\facebzdlg.cpp(15277): warning C4244: “初始化”: 从“double”转换到“float”，可能丢失数据
     1>e:\work\project\test\labelky\facebz\facebzdlg.cpp(15278): warning C4244: “初始化”: 从“double”转换到“float”，可能丢失数据
     1>e:\work\project\test\labelky\facebz\facebzdlg.cpp(15279): warning C4244: “初始化”: 从“double”转换到“float”，可能丢失数据
     1>e:\work\project\test\labelky\facebz\facebzdlg.cpp(15280): warning C4244: “初始化”: 从“float”转换到“int”，可能丢失数据
     1>e:\work\project\test\labelky\facebz\facebzdlg.cpp(15281): warning C4244: “初始化”: 从“float”转换到“int”，可能丢失数据
     1>e:\work\project\test\labelky\facebz\facebzdlg.cpp(15282): warning C4244: “初始化”: 从“float”转换到“int”，可能丢失数据
     1>e:\work\project\test\labelky\facebz\facebzdlg.cpp(15283): warning C4244: “初始化”: 从“float”转换到“int”，可能丢失数据
     1>e:\work\project\test\labelky\facebz\facebzdlg.cpp(15194): warning C4101: “Buf”: 未引用的局部变量
     1>e:\work\project\test\labelky\facebz\facebzdlg.cpp(15357): warning C4018: “<”: 有符号/无符号不匹配
     1>e:\work\project\test\labelky\facebz\facebzdlg.cpp(15365): warning C4018: “<”: 有符号/无符号不匹配
     1>e:\work\project\test\labelky\facebz\facebzdlg.cpp(15323): warning C4101: “Buf”: 未引用的局部变量
     1>e:\work\project\test\labelky\facebz\facebzdlg.cpp(15615): warning C4018: “<”: 有符号/无符号不匹配
     1>e:\work\project\test\labelky\facebz\facebzdlg.cpp(15617): warning C4018: “<”: 有符号/无符号不匹配
     1>e:\work\project\test\labelky\facebz\facebzdlg.cpp(15641): warning C4018: “<”: 有符号/无符号不匹配
     1>e:\work\project\test\labelky\facebz\facebzdlg.cpp(15809): warning C4018: “<”: 有符号/无符号不匹配
     1>e:\work\project\test\labelky\facebz\facebzdlg.cpp(15897): warning C4018: “<”: 有符号/无符号不匹配
     1>e:\work\project\test\labelky\facebz\facebzdlg.cpp(15907): warning C4018: “<”: 有符号/无符号不匹配
     1>e:\work\project\test\labelky\facebz\facebzdlg.cpp(16012): warning C4244: “=”: 从“double”转换到“float”，可能丢失数据
     1>e:\work\project\test\labelky\facebz\facebzdlg.cpp(16036): warning C4244: “参数”: 从“float”转换到“int”，可能丢失数据
     1>e:\work\project\test\labelky\facebz\facebzdlg.cpp(16037): warning C4244: “参数”: 从“float”转换到“int”，可能丢失数据
     1>e:\work\project\test\labelky\facebz\facebzdlg.cpp(16038): warning C4244: “参数”: 从“float”转换到“int”，可能丢失数据
     1>e:\work\project\test\labelky\facebz\facebzdlg.cpp(16039): warning C4244: “参数”: 从“float”转换到“int”，可能丢失数据
     1>e:\work\project\test\labelky\facebz\facebzdlg.cpp(16287): warning C4018: “<”: 有符号/无符号不匹配
     1>e:\work\project\test\labelky\facebz\facebzdlg.cpp(16373): warning C4018: “<”: 有符号/无符号不匹配
     1>e:\work\project\test\labelky\facebz\facebzdlg.cpp(16458): warning C4018: “<”: 有符号/无符号不匹配
         MTextDlg.cpp
     1>e:\work\project\test\labelky\facebz\mtextdlg.cpp(70): warning C4018: “<”: 有符号/无符号不匹配
         正在生成代码...
     1>e:\work\project\test\labelky\facebz\facebzdlg.cpp(11991): warning C4700: 使用了未初始化的局部变量“zv”
     1>e:\work\project\test\labelky\facebz\facebzdlg.cpp(12041): warning C4700: 使用了未初始化的局部变量“zv”
         正在编译...
         facebz.cpp
         Video2JpgSetting2.cpp
         Video2JpgSetting.cpp
         TextDlg.cpp
         Text2Dlg.cpp
         SelectBtn.cpp
         ScaleEnlargeDlg.cpp
         RotateSettingDlg.cpp
         PicListCtrl.cpp
         PicEnlargeDlg.cpp
         LabeCropDlg.cpp
         LabListCtrl.cpp
         KjjDlg.cpp
         IconListCtrl.cpp
         DxLxDlg.cpp
     1>e:\work\project\test\labelky\facebz\dxlxdlg.cpp(315): warning C4018: “<”: 有符号/无符号不匹配
         正在生成代码...
       ResourceCompile:
         C:\Program Files (x86)\Microsoft SDKs\Windows\v7.0A\bin\rc.exe /D _DEBUG /D _UNICODE /D UNICODE /D _AFXDLL /l"0x0804" /IDebug\ /nologo /fo"Debug\facebz.res" facebz.rc 
       ManifestResourceCompile:
         所有输出均为最新。
       Link:
         C:\Program Files (x86)\Microsoft Visual Studio 10.0\VC\bin\link.exe /ERRORREPORT:PROMPT /OUT:"E:\work\project\test\labelky\Debug\facebz.exe" /INCREMENTAL /NOLOGO /MANIFEST /ManifestFile:"Debug\facebz.exe.intermediate.manifest" /MANIFESTUAC:"level='asInvoker' uiAccess='false'" /DEBUG /PDB:"E:\work\project\test\labelky\Debug\facebz.pdb" /SUBSYSTEM:WINDOWS /TLBID:1 /ENTRY:"wWinMainCRTStartup" /DYNAMICBASE /NXCOMPAT /IMPLIB:"E:\work\project\test\labelky\Debug\facebz.lib" /MACHINE:X86 Debug\facebz.res
         Debug\facebz.exe.embed.manifest.res
         Debug\convert.obj
         Debug\DxLxDlg.obj
         Debug\explorer3.obj
         Debug\facebz.obj
         Debug\facebzDlg.obj
         Debug\FRect.obj
         Debug\IconListCtrl.obj
         Debug\KjjDlg.obj
         Debug\LabeCropDlg.obj
         Debug\LabListCtrl.obj
         Debug\MTextDlg.obj
         Debug\PicEnlargeDlg.obj
         Debug\PicListCtrl.obj
         Debug\RotateSettingDlg.obj
         Debug\ScaleEnlargeDlg.obj
         Debug\SelectBtn.obj
         Debug\stdafx.obj
         Debug\Text2Dlg.obj
         Debug\TextDlg.obj
         Debug\Video2JpgSetting.obj
         Debug\Video2JpgSetting2.obj
       Manifest:
         C:\Program Files (x86)\Microsoft SDKs\Windows\v7.0A\bin\mt.exe /nologo /verbose /out:"Debug\facebz.exe.embed.manifest" /manifest Debug\facebz.exe.intermediate.manifest "C:\Program Files (x86)\Microsoft Visual Studio 10.0\VC\Include\Manifest\dpiaware.manifest"
         所有输出均为最新。
       LinkEmbedManifest:
         所有输出均为最新。
         facebz.vcxproj -> E:\work\project\test\labelky\Debug\facebz.exe
       FinalizeBuildStatus:
         正在删除文件“Debug\facebz.unsuccessfulbuild”。
         正在对“Debug\facebz.lastbuildstate”执行 Touch 任务。
     1>已完成生成项目“E:\work\project\test\labelky\facebz\facebz.vcxproj”(build 个目标)的操作。

生成成功。

已用时间 00:00:04.92
