E:\WORK\PROJECT\TEST\LABELZS\DEBUG\FACEBZ.EXE
E:\WORK\PROJECT\TEST\LABELZS\DEBUG\FACEBZ.ILK
E:\WORK\PROJECT\TEST\LABELZS\DEBUG\FACEBZ.PDB
E:\WORK\PROJECT\TEST\LABELZS\FACEBZ\DEBUG\CONVERT.OBJ
E:\WORK\PROJECT\TEST\LABELZS\FACEBZ\DEBUG\DXLXDLG.OBJ
E:\WORK\PROJECT\TEST\LABELZS\FACEBZ\DEBUG\EXPLORER3.OBJ
E:\WORK\PROJECT\TEST\LABELZS\FACEBZ\DEBUG\FACEBZ.EXE.EMBED.MANIFEST
E:\WORK\PROJECT\TEST\LABELZS\FACEBZ\DEBUG\FACEBZ.EXE.EMBED.MANIFEST.RES
E:\WORK\PROJECT\TEST\LABELZS\FACEBZ\DEBUG\FACEBZ.EXE.INTERMEDIATE.MANIFEST
E:\WORK\PROJECT\TEST\LABELZS\FACEBZ\DEBUG\FACEBZ.OBJ
E:\WORK\PROJECT\TEST\LABELZS\FACEBZ\DEBUG\FACEBZ.PCH
E:\WORK\PROJECT\TEST\LABELZS\FACEBZ\DEBUG\FACEBZ.RES
E:\WORK\PROJECT\TEST\LABELZS\FACEBZ\DEBUG\FACEBZDLG.OBJ
E:\WORK\PROJECT\TEST\LABELZS\FACEBZ\DEBUG\FRECT.OBJ
E:\WORK\PROJECT\TEST\LABELZS\FACEBZ\DEBUG\ICONLISTCTRL.OBJ
E:\WORK\PROJECT\TEST\LABELZS\FACEBZ\DEBUG\KJJDLG.OBJ
E:\WORK\PROJECT\TEST\LABELZS\FACEBZ\DEBUG\LABECROPDLG.OBJ
E:\WORK\PROJECT\TEST\LABELZS\FACEBZ\DEBUG\LABLISTCTRL.OBJ
E:\WORK\PROJECT\TEST\LABELZS\FACEBZ\DEBUG\MTEXTDLG.OBJ
E:\WORK\PROJECT\TEST\LABELZS\FACEBZ\DEBUG\PICENLARGEDLG.OBJ
E:\WORK\PROJECT\TEST\LABELZS\FACEBZ\DEBUG\PICLISTCTRL.OBJ
E:\WORK\PROJECT\TEST\LABELZS\FACEBZ\DEBUG\ROTATESETTINGDLG.OBJ
E:\WORK\PROJECT\TEST\LABELZS\FACEBZ\DEBUG\SCALEENLARGEDLG.OBJ
E:\WORK\PROJECT\TEST\LABELZS\FACEBZ\DEBUG\SELECTBTN.OBJ
E:\WORK\PROJECT\TEST\LABELZS\FACEBZ\DEBUG\STDAFX.OBJ
E:\WORK\PROJECT\TEST\LABELZS\FACEBZ\DEBUG\TEXT2DLG.OBJ
E:\WORK\PROJECT\TEST\LABELZS\FACEBZ\DEBUG\TEXTDLG.OBJ
E:\WORK\PROJECT\TEST\LABELZS\FACEBZ\DEBUG\VC100.PDB
E:\WORK\PROJECT\TEST\LABELZS\FACEBZ\DEBUG\VIDEO2JPGSETTING.OBJ
E:\WORK\PROJECT\TEST\LABELZS\FACEBZ\DEBUG\VIDEO2JPGSETTING2.OBJ
E:\work\project\test\labelzsdc\Debug\facebz.exe
E:\work\project\test\labelzsdc\Debug\facebz.ilk
E:\work\project\test\labelzsdc\Debug\facebz.pdb
E:\work\project\test\labelzsdc\facebz\Debug\cl.command.1.tlog
E:\work\project\test\labelzsdc\facebz\Debug\CL.read.1.tlog
E:\work\project\test\labelzsdc\facebz\Debug\CL.write.1.tlog
E:\work\project\test\labelzsdc\facebz\Debug\convert.obj
E:\work\project\test\labelzsdc\facebz\Debug\DxLxDlg.obj
E:\work\project\test\labelzsdc\facebz\Debug\explorer3.obj
E:\work\project\test\labelzsdc\facebz\Debug\facebz.exe.embed.manifest
E:\work\project\test\labelzsdc\facebz\Debug\facebz.exe.embed.manifest.res
E:\work\project\test\labelzsdc\facebz\Debug\facebz.exe.intermediate.manifest
E:\work\project\test\labelzsdc\facebz\Debug\facebz.obj
E:\work\project\test\labelzsdc\facebz\Debug\facebz.pch
E:\work\project\test\labelzsdc\facebz\Debug\facebz.res
E:\work\project\test\labelzsdc\facebz\Debug\facebz.vcxprojResolveAssemblyReference.cache
E:\work\project\test\labelzsdc\facebz\Debug\facebz.write.1.tlog
E:\work\project\test\labelzsdc\facebz\Debug\facebz_manifest.rc
E:\work\project\test\labelzsdc\facebz\Debug\facebzDlg.obj
E:\work\project\test\labelzsdc\facebz\Debug\FRect.obj
E:\work\project\test\labelzsdc\facebz\Debug\IconListCtrl.obj
E:\work\project\test\labelzsdc\facebz\Debug\KjjDlg.obj
E:\work\project\test\labelzsdc\facebz\Debug\LabeCropDlg.obj
E:\work\project\test\labelzsdc\facebz\Debug\LabListCtrl.obj
E:\work\project\test\labelzsdc\facebz\Debug\link.61120.read.1.tlog
E:\work\project\test\labelzsdc\facebz\Debug\link.61120.write.1.tlog
E:\work\project\test\labelzsdc\facebz\Debug\link.61120-cvtres.read.1.tlog
E:\work\project\test\labelzsdc\facebz\Debug\link.61120-cvtres.write.1.tlog
E:\work\project\test\labelzsdc\facebz\Debug\link.68688.read.1.tlog
E:\work\project\test\labelzsdc\facebz\Debug\link.68688.write.1.tlog
E:\work\project\test\labelzsdc\facebz\Debug\link.68688-cvtres.read.1.tlog
E:\work\project\test\labelzsdc\facebz\Debug\link.68688-cvtres.write.1.tlog
E:\work\project\test\labelzsdc\facebz\Debug\link.70564.read.1.tlog
E:\work\project\test\labelzsdc\facebz\Debug\link.70564.write.1.tlog
E:\work\project\test\labelzsdc\facebz\Debug\link.70564-cvtres.read.1.tlog
E:\work\project\test\labelzsdc\facebz\Debug\link.70564-cvtres.write.1.tlog
E:\work\project\test\labelzsdc\facebz\Debug\link.72240.read.1.tlog
E:\work\project\test\labelzsdc\facebz\Debug\link.72240.write.1.tlog
E:\work\project\test\labelzsdc\facebz\Debug\link.72240-cvtres.read.1.tlog
E:\work\project\test\labelzsdc\facebz\Debug\link.72240-cvtres.write.1.tlog
E:\work\project\test\labelzsdc\facebz\Debug\link.72832.read.1.tlog
E:\work\project\test\labelzsdc\facebz\Debug\link.72832.write.1.tlog
E:\work\project\test\labelzsdc\facebz\Debug\link.72832-cvtres.read.1.tlog
E:\work\project\test\labelzsdc\facebz\Debug\link.72832-cvtres.write.1.tlog
E:\work\project\test\labelzsdc\facebz\Debug\link.73216.read.1.tlog
E:\work\project\test\labelzsdc\facebz\Debug\link.73216.write.1.tlog
E:\work\project\test\labelzsdc\facebz\Debug\link.73216-cvtres.read.1.tlog
E:\work\project\test\labelzsdc\facebz\Debug\link.73216-cvtres.write.1.tlog
E:\work\project\test\labelzsdc\facebz\Debug\link.73276.read.1.tlog
E:\work\project\test\labelzsdc\facebz\Debug\link.73276.write.1.tlog
E:\work\project\test\labelzsdc\facebz\Debug\link.73276-cvtres.read.1.tlog
E:\work\project\test\labelzsdc\facebz\Debug\link.73276-cvtres.write.1.tlog
E:\work\project\test\labelzsdc\facebz\Debug\link.73920.read.1.tlog
E:\work\project\test\labelzsdc\facebz\Debug\link.73920.write.1.tlog
E:\work\project\test\labelzsdc\facebz\Debug\link.73920-cvtres.read.1.tlog
E:\work\project\test\labelzsdc\facebz\Debug\link.73920-cvtres.write.1.tlog
E:\work\project\test\labelzsdc\facebz\Debug\link.74000.read.1.tlog
E:\work\project\test\labelzsdc\facebz\Debug\link.74000.write.1.tlog
E:\work\project\test\labelzsdc\facebz\Debug\link.74000-cvtres.read.1.tlog
E:\work\project\test\labelzsdc\facebz\Debug\link.74000-cvtres.write.1.tlog
E:\work\project\test\labelzsdc\facebz\Debug\link.74216.read.1.tlog
E:\work\project\test\labelzsdc\facebz\Debug\link.74216.write.1.tlog
E:\work\project\test\labelzsdc\facebz\Debug\link.74216-cvtres.read.1.tlog
E:\work\project\test\labelzsdc\facebz\Debug\link.74216-cvtres.write.1.tlog
E:\work\project\test\labelzsdc\facebz\Debug\link.74356.read.1.tlog
E:\work\project\test\labelzsdc\facebz\Debug\link.74356.write.1.tlog
E:\work\project\test\labelzsdc\facebz\Debug\link.74356-cvtres.read.1.tlog
E:\work\project\test\labelzsdc\facebz\Debug\link.74356-cvtres.write.1.tlog
E:\work\project\test\labelzsdc\facebz\Debug\link.75008.read.1.tlog
E:\work\project\test\labelzsdc\facebz\Debug\link.75008.write.1.tlog
E:\work\project\test\labelzsdc\facebz\Debug\link.75008-cvtres.read.1.tlog
E:\work\project\test\labelzsdc\facebz\Debug\link.75008-cvtres.write.1.tlog
E:\work\project\test\labelzsdc\facebz\Debug\link.75016.read.1.tlog
E:\work\project\test\labelzsdc\facebz\Debug\link.75016.write.1.tlog
E:\work\project\test\labelzsdc\facebz\Debug\link.75016-cvtres.read.1.tlog
E:\work\project\test\labelzsdc\facebz\Debug\link.75016-cvtres.write.1.tlog
E:\work\project\test\labelzsdc\facebz\Debug\link.76296.read.1.tlog
E:\work\project\test\labelzsdc\facebz\Debug\link.76296.write.1.tlog
E:\work\project\test\labelzsdc\facebz\Debug\link.76296-cvtres.read.1.tlog
E:\work\project\test\labelzsdc\facebz\Debug\link.76296-cvtres.write.1.tlog
E:\work\project\test\labelzsdc\facebz\Debug\link.76652.read.1.tlog
E:\work\project\test\labelzsdc\facebz\Debug\link.76652.write.1.tlog
E:\work\project\test\labelzsdc\facebz\Debug\link.76652-cvtres.read.1.tlog
E:\work\project\test\labelzsdc\facebz\Debug\link.76652-cvtres.write.1.tlog
E:\work\project\test\labelzsdc\facebz\Debug\link.76700.read.1.tlog
E:\work\project\test\labelzsdc\facebz\Debug\link.76700.write.1.tlog
E:\work\project\test\labelzsdc\facebz\Debug\link.76700-cvtres.read.1.tlog
E:\work\project\test\labelzsdc\facebz\Debug\link.76700-cvtres.write.1.tlog
E:\work\project\test\labelzsdc\facebz\Debug\link.82024.read.1.tlog
E:\work\project\test\labelzsdc\facebz\Debug\link.82024.write.1.tlog
E:\work\project\test\labelzsdc\facebz\Debug\link.82024-cvtres.read.1.tlog
E:\work\project\test\labelzsdc\facebz\Debug\link.82024-cvtres.write.1.tlog
E:\work\project\test\labelzsdc\facebz\Debug\link.command.1.tlog
E:\work\project\test\labelzsdc\facebz\Debug\link.read.1.tlog
E:\work\project\test\labelzsdc\facebz\Debug\link.write.1.tlog
E:\work\project\test\labelzsdc\facebz\Debug\link-cvtres.read.1.tlog
E:\work\project\test\labelzsdc\facebz\Debug\link-cvtres.write.1.tlog
E:\work\project\test\labelzsdc\facebz\Debug\mt.command.1.tlog
E:\work\project\test\labelzsdc\facebz\Debug\mt.read.1.tlog
E:\work\project\test\labelzsdc\facebz\Debug\mt.write.1.tlog
E:\work\project\test\labelzsdc\facebz\Debug\MTextDlg.obj
E:\work\project\test\labelzsdc\facebz\Debug\PicEnlargeDlg.obj
E:\work\project\test\labelzsdc\facebz\Debug\PicListCtrl.obj
E:\work\project\test\labelzsdc\facebz\Debug\rc.command.1.tlog
E:\work\project\test\labelzsdc\facebz\Debug\rc.read.1.tlog
E:\work\project\test\labelzsdc\facebz\Debug\rc.write.1.tlog
E:\work\project\test\labelzsdc\facebz\Debug\RotateSettingDlg.obj
E:\work\project\test\labelzsdc\facebz\Debug\ScaleEnlargeDlg.obj
E:\work\project\test\labelzsdc\facebz\Debug\SelectBtn.obj
E:\work\project\test\labelzsdc\facebz\Debug\stdafx.obj
E:\work\project\test\labelzsdc\facebz\Debug\Text2Dlg.obj
E:\work\project\test\labelzsdc\facebz\Debug\TextDlg.obj
E:\work\project\test\labelzsdc\facebz\Debug\vc100.idb
E:\work\project\test\labelzsdc\facebz\Debug\vc100.pdb
E:\work\project\test\labelzsdc\facebz\Debug\Video2JpgSetting.obj
E:\work\project\test\labelzsdc\facebz\Debug\Video2JpgSetting2.obj
