E:\work\project\test\labelzsdc\facebz\Release\cl.command.1.tlog
E:\work\project\test\labelzsdc\facebz\Release\CL.read.1.tlog
E:\work\project\test\labelzsdc\facebz\Release\CL.write.1.tlog
E:\WORK\PROJECT\TEST\LABELZSDC\FACEBZ\RELEASE\CONVERT.OBJ
E:\WORK\PROJECT\TEST\LABELZSDC\FACEBZ\RELEASE\DXLXDLG.OBJ
E:\WORK\PROJECT\TEST\LABELZSDC\FACEBZ\RELEASE\EXPLORER3.OBJ
E:\WORK\PROJECT\TEST\LABELZSDC\FACEBZ\RELEASE\FACEBZ.EXE.INTERMEDIATE.MANIFEST
E:\WORK\PROJECT\TEST\LABELZSDC\FACEBZ\RELEASE\FACEBZ.OBJ
E:\WORK\PROJECT\TEST\LABELZSDC\FACEBZ\RELEASE\FACEBZ.PCH
E:\WORK\PROJECT\TEST\LABELZSDC\FACEBZ\RELEASE\FACEBZ.RES
E:\work\project\test\labelzsdc\facebz\Release\facebz.vcxprojResolveAssemblyReference.cache
E:\work\project\test\labelzsdc\facebz\Release\facebz.write.1.tlog
E:\WORK\PROJECT\TEST\LABELZSDC\FACEBZ\RELEASE\FACEBZDLG.OBJ
E:\WORK\PROJECT\TEST\LABELZSDC\FACEBZ\RELEASE\FRECT.OBJ
E:\WORK\PROJECT\TEST\LABELZSDC\FACEBZ\RELEASE\ICONLISTCTRL.OBJ
E:\WORK\PROJECT\TEST\LABELZSDC\FACEBZ\RELEASE\KJJDLG.OBJ
E:\WORK\PROJECT\TEST\LABELZSDC\FACEBZ\RELEASE\LABECROPDLG.OBJ
E:\WORK\PROJECT\TEST\LABELZSDC\FACEBZ\RELEASE\LABLISTCTRL.OBJ
E:\work\project\test\labelzsdc\facebz\Release\link.command.1.tlog
E:\work\project\test\labelzsdc\facebz\Release\link.read.1.tlog
E:\work\project\test\labelzsdc\facebz\Release\link.write.1.tlog
E:\work\project\test\labelzsdc\facebz\Release\link-cvtres.read.1.tlog
E:\work\project\test\labelzsdc\facebz\Release\link-cvtres.write.1.tlog
E:\work\project\test\labelzsdc\facebz\Release\mt.command.1.tlog
E:\work\project\test\labelzsdc\facebz\Release\mt.read.1.tlog
E:\work\project\test\labelzsdc\facebz\Release\mt.write.1.tlog
E:\WORK\PROJECT\TEST\LABELZSDC\FACEBZ\RELEASE\MTEXTDLG.OBJ
E:\WORK\PROJECT\TEST\LABELZSDC\FACEBZ\RELEASE\PICENLARGEDLG.OBJ
E:\WORK\PROJECT\TEST\LABELZSDC\FACEBZ\RELEASE\PICLISTCTRL.OBJ
E:\work\project\test\labelzsdc\facebz\Release\rc.command.1.tlog
E:\work\project\test\labelzsdc\facebz\Release\rc.read.1.tlog
E:\work\project\test\labelzsdc\facebz\Release\rc.write.1.tlog
E:\WORK\PROJECT\TEST\LABELZSDC\FACEBZ\RELEASE\ROTATESETTINGDLG.OBJ
E:\WORK\PROJECT\TEST\LABELZSDC\FACEBZ\RELEASE\SCALEENLARGEDLG.OBJ
E:\WORK\PROJECT\TEST\LABELZSDC\FACEBZ\RELEASE\SELECTBTN.OBJ
E:\WORK\PROJECT\TEST\LABELZSDC\FACEBZ\RELEASE\STDAFX.OBJ
E:\WORK\PROJECT\TEST\LABELZSDC\FACEBZ\RELEASE\TEXT2DLG.OBJ
E:\WORK\PROJECT\TEST\LABELZSDC\FACEBZ\RELEASE\TEXTDLG.OBJ
E:\WORK\PROJECT\TEST\LABELZSDC\FACEBZ\RELEASE\VC100.PDB
E:\WORK\PROJECT\TEST\LABELZSDC\FACEBZ\RELEASE\VIDEO2JPGSETTING.OBJ
E:\WORK\PROJECT\TEST\LABELZSDC\FACEBZ\RELEASE\VIDEO2JPGSETTING2.OBJ
E:\WORK\PROJECT\TEST\LABELZSDC\RELEASE\FACEBZ.EXE
E:\WORK\PROJECT\TEST\LABELZSDC\RELEASE\FACEBZ.PDB
