生成启动时间为 2021/1/26 11:28:47。
     1>项目“E:\work\project\test\labelky\facebz\facebz.vcxproj”在节点 2 上(build 个目标)。
     1>InitializeBuildStatus:
         正在创建“Release\WisdomLabel.unsuccessfulbuild”，因为已指定“AlwaysCreate”。
       ClCompile:
         所有输出均为最新。
         C:\Program Files (x86)\Microsoft Visual Studio 10.0\VC\bin\CL.exe /c /Zi /nologo /W3 /WX- /O2 /Oi /Oy- /GL /D WIN32 /D _WINDOWS /D NDEBUG /D _UNICODE /D UNICODE /Gm- /EHa /MT /GS /Gy /fp:precise /Zc:wchar_t /Zc:forScope /Yu"StdAfx.h" /Fp"Release\WisdomLabel.pch" /Fo"Release\\" /Fd"Release\vc100.pdb" /Gd /TP /analyze- /errorReport:prompt MTextDlg.cpp WisdomLabelDlg.cpp
         MTextDlg.cpp
     1>MTextDlg.cpp(70): warning C4018: “<”: 有符号/无符号不匹配
         WisdomLabelDlg.cpp
     1>WisdomLabelDlg.cpp(530): warning C4305: “=”: 从“__int64”到“int”截断
     1>WisdomLabelDlg.cpp(530): warning C4309: “=”: 截断常量值
     1>WisdomLabelDlg.cpp(642): warning C4244: “参数”: 从“double”转换到“int”，可能丢失数据
     1>WisdomLabelDlg.cpp(642): warning C4244: “参数”: 从“double”转换到“int”，可能丢失数据
     1>WisdomLabelDlg.cpp(643): warning C4244: “/=”: 从“float”转换到“LONG”，可能丢失数据
     1>WisdomLabelDlg.cpp(644): warning C4244: “/=”: 从“float”转换到“LONG”，可能丢失数据
     1>WisdomLabelDlg.cpp(645): warning C4244: “/=”: 从“float”转换到“LONG”，可能丢失数据
     1>WisdomLabelDlg.cpp(646): warning C4244: “/=”: 从“float”转换到“LONG”，可能丢失数据
     1>WisdomLabelDlg.cpp(652): warning C4244: “参数”: 从“double”转换到“int”，可能丢失数据
     1>WisdomLabelDlg.cpp(652): warning C4244: “参数”: 从“double”转换到“int”，可能丢失数据
     1>WisdomLabelDlg.cpp(653): warning C4244: “/=”: 从“float”转换到“LONG”，可能丢失数据
     1>WisdomLabelDlg.cpp(654): warning C4244: “/=”: 从“float”转换到“LONG”，可能丢失数据
     1>WisdomLabelDlg.cpp(659): warning C4244: “参数”: 从“float”转换到“int”，可能丢失数据
     1>WisdomLabelDlg.cpp(659): warning C4244: “参数”: 从“float”转换到“int”，可能丢失数据
     1>WisdomLabelDlg.cpp(660): warning C4244: “参数”: 从“double”转换到“int”，可能丢失数据
     1>WisdomLabelDlg.cpp(660): warning C4244: “参数”: 从“double”转换到“int”，可能丢失数据
     1>WisdomLabelDlg.cpp(678): warning C4018: “<”: 有符号/无符号不匹配
     1>WisdomLabelDlg.cpp(789): warning C4244: “初始化”: 从“double”转换到“float”，可能丢失数据
     1>WisdomLabelDlg.cpp(790): warning C4244: “初始化”: 从“double”转换到“float”，可能丢失数据
     1>WisdomLabelDlg.cpp(792): warning C4244: “初始化”: 从“double”转换到“float”，可能丢失数据
     1>WisdomLabelDlg.cpp(793): warning C4244: “初始化”: 从“double”转换到“float”，可能丢失数据
     1>WisdomLabelDlg.cpp(834): warning C4018: “<”: 有符号/无符号不匹配
     1>WisdomLabelDlg.cpp(846): warning C4018: “<”: 有符号/无符号不匹配
     1>WisdomLabelDlg.cpp(873): warning C4018: “<”: 有符号/无符号不匹配
     1>WisdomLabelDlg.cpp(885): warning C4018: “<”: 有符号/无符号不匹配
     1>WisdomLabelDlg.cpp(921): warning C4018: “<”: 有符号/无符号不匹配
     1>WisdomLabelDlg.cpp(933): warning C4018: “<”: 有符号/无符号不匹配
     1>WisdomLabelDlg.cpp(999): warning C4552: “-”: 运算符不起任何作用；应输入带副作用的运算符
     1>WisdomLabelDlg.cpp(1030): warning C4244: “=”: 从“float”转换到“int”，可能丢失数据
     1>WisdomLabelDlg.cpp(1032): warning C4244: “=”: 从“int”转换到“float”，可能丢失数据
     1>WisdomLabelDlg.cpp(1036): warning C4018: “<”: 有符号/无符号不匹配
     1>WisdomLabelDlg.cpp(1367): warning C4018: “<”: 有符号/无符号不匹配
     1>WisdomLabelDlg.cpp(1381): warning C4018: “<”: 有符号/无符号不匹配
     1>WisdomLabelDlg.cpp(1396): warning C4018: “<”: 有符号/无符号不匹配
     1>WisdomLabelDlg.cpp(1404): warning C4018: “<”: 有符号/无符号不匹配
     1>WisdomLabelDlg.cpp(1532): warning C4018: “<”: 有符号/无符号不匹配
     1>WisdomLabelDlg.cpp(1546): warning C4018: “<”: 有符号/无符号不匹配
     1>WisdomLabelDlg.cpp(1561): warning C4018: “<”: 有符号/无符号不匹配
     1>WisdomLabelDlg.cpp(1576): warning C4101: “j”: 未引用的局部变量
     1>WisdomLabelDlg.cpp(1661): warning C4244: “初始化”: 从“float”转换到“int”，可能丢失数据
     1>WisdomLabelDlg.cpp(1663): warning C4244: “初始化”: 从“float”转换到“int”，可能丢失数据
     1>WisdomLabelDlg.cpp(1670): warning C4244: “初始化”: 从“float”转换到“int”，可能丢失数据
     1>WisdomLabelDlg.cpp(1671): warning C4244: “初始化”: 从“double”转换到“int”，可能丢失数据
     1>WisdomLabelDlg.cpp(1672): warning C4244: “初始化”: 从“float”转换到“int”，可能丢失数据
     1>WisdomLabelDlg.cpp(1673): warning C4244: “初始化”: 从“double”转换到“int”，可能丢失数据
     1>WisdomLabelDlg.cpp(1675): warning C4244: “初始化”: 从“int”转换到“float”，可能丢失数据
     1>WisdomLabelDlg.cpp(1676): warning C4244: “初始化”: 从“int”转换到“float”，可能丢失数据
     1>WisdomLabelDlg.cpp(1677): warning C4244: “参数”: 从“double”转换到“int”，可能丢失数据
     1>WisdomLabelDlg.cpp(1707): warning C4244: “初始化”: 从“float”转换到“int”，可能丢失数据
     1>WisdomLabelDlg.cpp(1709): warning C4244: “初始化”: 从“float”转换到“int”，可能丢失数据
     1>WisdomLabelDlg.cpp(1716): warning C4244: “初始化”: 从“float”转换到“int”，可能丢失数据
     1>WisdomLabelDlg.cpp(1717): warning C4244: “初始化”: 从“double”转换到“int”，可能丢失数据
     1>WisdomLabelDlg.cpp(1718): warning C4244: “初始化”: 从“float”转换到“int”，可能丢失数据
     1>WisdomLabelDlg.cpp(1719): warning C4244: “初始化”: 从“double”转换到“int”，可能丢失数据
     1>WisdomLabelDlg.cpp(1809): warning C4244: “初始化”: 从“double”转换到“int”，可能丢失数据
     1>WisdomLabelDlg.cpp(1810): warning C4244: “初始化”: 从“double”转换到“int”，可能丢失数据
     1>WisdomLabelDlg.cpp(1823): warning C4244: “-=”: 从“float”转换到“LONG”，可能丢失数据
     1>WisdomLabelDlg.cpp(1826): warning C4244: “-=”: 从“double”转换到“LONG”，可能丢失数据
     1>WisdomLabelDlg.cpp(1832): warning C4244: “+=”: 从“float”转换到“LONG”，可能丢失数据
     1>WisdomLabelDlg.cpp(1835): warning C4244: “+=”: 从“double”转换到“LONG”，可能丢失数据
     1>WisdomLabelDlg.cpp(1841): warning C4244: “-=”: 从“float”转换到“LONG”，可能丢失数据
     1>WisdomLabelDlg.cpp(1844): warning C4244: “-=”: 从“double”转换到“LONG”，可能丢失数据
     1>WisdomLabelDlg.cpp(1850): warning C4244: “+=”: 从“float”转换到“LONG”，可能丢失数据
     1>WisdomLabelDlg.cpp(1853): warning C4244: “+=”: 从“double”转换到“LONG”，可能丢失数据
     1>WisdomLabelDlg.cpp(1876): warning C4244: “初始化”: 从“float”转换到“int”，可能丢失数据
     1>WisdomLabelDlg.cpp(1877): warning C4244: “初始化”: 从“float”转换到“int”，可能丢失数据
     1>WisdomLabelDlg.cpp(1900): warning C4018: “<”: 有符号/无符号不匹配
     1>WisdomLabelDlg.cpp(1905): warning C4244: “=”: 从“float”转换到“LONG”，可能丢失数据
     1>WisdomLabelDlg.cpp(1906): warning C4244: “=”: 从“float”转换到“LONG”，可能丢失数据
     1>WisdomLabelDlg.cpp(2123): warning C4018: “<”: 有符号/无符号不匹配
     1>WisdomLabelDlg.cpp(2163): warning C4244: “初始化”: 从“double”转换到“int”，可能丢失数据
     1>WisdomLabelDlg.cpp(2171): warning C4244: “初始化”: 从“double”转换到“int”，可能丢失数据
     1>WisdomLabelDlg.cpp(2179): warning C4244: “初始化”: 从“double”转换到“int”，可能丢失数据
     1>WisdomLabelDlg.cpp(2187): warning C4244: “初始化”: 从“double”转换到“int”，可能丢失数据
     1>WisdomLabelDlg.cpp(2203): warning C4244: “参数”: 从“float”转换到“int”，可能丢失数据
     1>WisdomLabelDlg.cpp(2204): warning C4244: “参数”: 从“float”转换到“int”，可能丢失数据
     1>WisdomLabelDlg.cpp(2209): warning C4244: “参数”: 从“double”转换到“int”，可能丢失数据
     1>WisdomLabelDlg.cpp(2210): warning C4244: “参数”: 从“double”转换到“int”，可能丢失数据
     1>WisdomLabelDlg.cpp(2217): warning C4244: “参数”: 从“float”转换到“int”，可能丢失数据
     1>WisdomLabelDlg.cpp(2217): warning C4244: “参数”: 从“float”转换到“int”，可能丢失数据
     1>WisdomLabelDlg.cpp(2237): warning C4244: “参数”: 从“float”转换到“int”，可能丢失数据
     1>WisdomLabelDlg.cpp(2238): warning C4244: “参数”: 从“float”转换到“int”，可能丢失数据
     1>WisdomLabelDlg.cpp(2243): warning C4244: “参数”: 从“float”转换到“int”，可能丢失数据
     1>WisdomLabelDlg.cpp(2244): warning C4244: “参数”: 从“float”转换到“int”，可能丢失数据
     1>WisdomLabelDlg.cpp(2251): warning C4244: “参数”: 从“float”转换到“int”，可能丢失数据
     1>WisdomLabelDlg.cpp(2251): warning C4244: “参数”: 从“float”转换到“int”，可能丢失数据
     1>WisdomLabelDlg.cpp(2267): warning C4244: “参数”: 从“float”转换到“int”，可能丢失数据
     1>WisdomLabelDlg.cpp(2268): warning C4244: “参数”: 从“float”转换到“int”，可能丢失数据
     1>WisdomLabelDlg.cpp(2273): warning C4244: “参数”: 从“double”转换到“int”，可能丢失数据
     1>WisdomLabelDlg.cpp(2274): warning C4244: “参数”: 从“double”转换到“int”，可能丢失数据
     1>WisdomLabelDlg.cpp(2282): warning C4244: “=”: 从“float”转换到“LONG”，可能丢失数据
     1>WisdomLabelDlg.cpp(2283): warning C4244: “=”: 从“float”转换到“LONG”，可能丢失数据
     1>WisdomLabelDlg.cpp(2378): warning C4244: “参数”: 从“double”转换到“int”，可能丢失数据
     1>WisdomLabelDlg.cpp(2378): warning C4244: “参数”: 从“double”转换到“int”，可能丢失数据
     1>WisdomLabelDlg.cpp(2638): warning C4018: “<”: 有符号/无符号不匹配
     1>WisdomLabelDlg.cpp(2643): warning C4018: “<”: 有符号/无符号不匹配
     1>WisdomLabelDlg.cpp(2874): warning C4244: “=”: 从“short”转换到“unsigned char”，可能丢失数据
     1>WisdomLabelDlg.cpp(2875): warning C4244: “=”: 从“short”转换到“unsigned char”，可能丢失数据
     1>WisdomLabelDlg.cpp(2876): warning C4244: “=”: 从“short”转换到“unsigned char”，可能丢失数据
     1>WisdomLabelDlg.cpp(2915): warning C4244: “=”: 从“unsigned short”转换到“unsigned char”，可能丢失数据
     1>WisdomLabelDlg.cpp(2916): warning C4244: “=”: 从“unsigned short”转换到“unsigned char”，可能丢失数据
     1>WisdomLabelDlg.cpp(2917): warning C4244: “=”: 从“unsigned short”转换到“unsigned char”，可能丢失数据
     1>WisdomLabelDlg.cpp(2981): warning C4244: “初始化”: 从“LONG”转换到“float”，可能丢失数据
     1>WisdomLabelDlg.cpp(2982): warning C4244: “初始化”: 从“LONG”转换到“float”，可能丢失数据
     1>WisdomLabelDlg.cpp(2983): warning C4244: “参数”: 从“float”转换到“int”，可能丢失数据
     1>WisdomLabelDlg.cpp(2983): warning C4244: “参数”: 从“float”转换到“int”，可能丢失数据
     1>WisdomLabelDlg.cpp(3080): warning C4018: “<”: 有符号/无符号不匹配
     1>WisdomLabelDlg.cpp(3083): warning C4244: “初始化”: 从“double”转换到“int”，可能丢失数据
     1>WisdomLabelDlg.cpp(3110): warning C4018: “<”: 有符号/无符号不匹配
     1>WisdomLabelDlg.cpp(3114): warning C4018: “<”: 有符号/无符号不匹配
     1>WisdomLabelDlg.cpp(3129): warning C4018: “<”: 有符号/无符号不匹配
     1>WisdomLabelDlg.cpp(3133): warning C4018: “<”: 有符号/无符号不匹配
     1>WisdomLabelDlg.cpp(3153): warning C4018: “<”: 有符号/无符号不匹配
     1>WisdomLabelDlg.cpp(3293): warning C4018: “<”: 有符号/无符号不匹配
     1>WisdomLabelDlg.cpp(3331): warning C4018: “<”: 有符号/无符号不匹配
     1>WisdomLabelDlg.cpp(3345): warning C4018: “<”: 有符号/无符号不匹配
     1>WisdomLabelDlg.cpp(3476): warning C4018: “<”: 有符号/无符号不匹配
     1>WisdomLabelDlg.cpp(3572): warning C4018: “<”: 有符号/无符号不匹配
     1>WisdomLabelDlg.cpp(3610): warning C4018: “<”: 有符号/无符号不匹配
     1>WisdomLabelDlg.cpp(3620): warning C4018: “<”: 有符号/无符号不匹配
     1>WisdomLabelDlg.cpp(3826): warning C4244: “初始化”: 从“double”转换到“float”，可能丢失数据
     1>WisdomLabelDlg.cpp(3827): warning C4244: “初始化”: 从“double”转换到“float”，可能丢失数据
     1>WisdomLabelDlg.cpp(3828): warning C4244: “初始化”: 从“double”转换到“float”，可能丢失数据
     1>WisdomLabelDlg.cpp(3829): warning C4244: “初始化”: 从“double”转换到“float”，可能丢失数据
     1>WisdomLabelDlg.cpp(3830): warning C4305: “*=”: 从“double”到“float”截断
     1>WisdomLabelDlg.cpp(3831): warning C4305: “*=”: 从“double”到“float”截断
     1>WisdomLabelDlg.cpp(3832): warning C4305: “*=”: 从“double”到“float”截断
     1>WisdomLabelDlg.cpp(3833): warning C4305: “*=”: 从“double”到“float”截断
     1>WisdomLabelDlg.cpp(3834): warning C4244: “参数”: 从“float”转换到“int”，可能丢失数据
     1>WisdomLabelDlg.cpp(3834): warning C4244: “参数”: 从“float”转换到“int”，可能丢失数据
     1>WisdomLabelDlg.cpp(3834): warning C4244: “参数”: 从“float”转换到“int”，可能丢失数据
     1>WisdomLabelDlg.cpp(3834): warning C4244: “参数”: 从“float”转换到“int”，可能丢失数据
     1>WisdomLabelDlg.cpp(3839): warning C4244: “初始化”: 从“double”转换到“float”，可能丢失数据
     1>WisdomLabelDlg.cpp(3840): warning C4244: “初始化”: 从“double”转换到“float”，可能丢失数据
     1>WisdomLabelDlg.cpp(3841): warning C4244: “初始化”: 从“double”转换到“float”，可能丢失数据
     1>WisdomLabelDlg.cpp(3842): warning C4244: “初始化”: 从“double”转换到“float”，可能丢失数据
     1>WisdomLabelDlg.cpp(3843): warning C4305: “/=”: 从“double”到“float”截断
     1>WisdomLabelDlg.cpp(3844): warning C4305: “/=”: 从“double”到“float”截断
     1>WisdomLabelDlg.cpp(3845): warning C4305: “/=”: 从“double”到“float”截断
     1>WisdomLabelDlg.cpp(3846): warning C4305: “/=”: 从“double”到“float”截断
     1>WisdomLabelDlg.cpp(3847): warning C4244: “参数”: 从“float”转换到“int”，可能丢失数据
     1>WisdomLabelDlg.cpp(3847): warning C4244: “参数”: 从“float”转换到“int”，可能丢失数据
     1>WisdomLabelDlg.cpp(3847): warning C4244: “参数”: 从“float”转换到“int”，可能丢失数据
     1>WisdomLabelDlg.cpp(3847): warning C4244: “参数”: 从“float”转换到“int”，可能丢失数据
     1>WisdomLabelDlg.cpp(3947): warning C4244: “参数”: 从“float”转换到“int”，可能丢失数据
     1>WisdomLabelDlg.cpp(3952): warning C4244: “=”: 从“float”转换到“unsigned char”，可能丢失数据
     1>WisdomLabelDlg.cpp(3953): warning C4244: “=”: 从“float”转换到“unsigned char”，可能丢失数据
     1>WisdomLabelDlg.cpp(3954): warning C4244: “=”: 从“float”转换到“unsigned char”，可能丢失数据
     1>WisdomLabelDlg.cpp(4058): warning C4005: “PI”: 宏重定义
                 WisdomLabelDlg.cpp(700) : 参见“PI”的前一个定义
     1>WisdomLabelDlg.cpp(4068): warning C4244: “初始化”: 从“double”转换到“float”，可能丢失数据
     1>WisdomLabelDlg.cpp(4069): warning C4244: “初始化”: 从“double”转换到“float”，可能丢失数据
     1>WisdomLabelDlg.cpp(4084): warning C4244: “初始化”: 从“float”转换到“int”，可能丢失数据
     1>WisdomLabelDlg.cpp(4085): warning C4244: “初始化”: 从“float”转换到“int”，可能丢失数据
     1>WisdomLabelDlg.cpp(4086): warning C4244: “初始化”: 从“float”转换到“int”，可能丢失数据
     1>WisdomLabelDlg.cpp(4087): warning C4244: “初始化”: 从“float”转换到“int”，可能丢失数据
     1>WisdomLabelDlg.cpp(4092): warning C4244: “初始化”: 从“double”转换到“float”，可能丢失数据
     1>WisdomLabelDlg.cpp(4094): warning C4244: “初始化”: 从“double”转换到“float”，可能丢失数据
     1>WisdomLabelDlg.cpp(4105): warning C4244: “初始化”: 从“double”转换到“float”，可能丢失数据
     1>WisdomLabelDlg.cpp(4115): warning C4244: “=”: 从“float”转换到“unsigned char”，可能丢失数据
     1>WisdomLabelDlg.cpp(4129): warning C4244: “=”: 从“double”转换到“float”，可能丢失数据
     1>WisdomLabelDlg.cpp(4130): warning C4244: “=”: 从“double”转换到“float”，可能丢失数据
     1>WisdomLabelDlg.cpp(4133): warning C4244: “=”: 从“double”转换到“float”，可能丢失数据
     1>WisdomLabelDlg.cpp(4134): warning C4244: “=”: 从“double”转换到“float”，可能丢失数据
     1>WisdomLabelDlg.cpp(4144): warning C4244: “参数”: 从“int”转换到“float”，可能丢失数据
     1>WisdomLabelDlg.cpp(4144): warning C4244: “参数”: 从“int”转换到“float”，可能丢失数据
     1>WisdomLabelDlg.cpp(4144): warning C4244: “参数”: 从“int”转换到“float”，可能丢失数据
     1>WisdomLabelDlg.cpp(4144): warning C4244: “参数”: 从“int”转换到“float”，可能丢失数据
     1>WisdomLabelDlg.cpp(4166): warning C4244: “初始化”: 从“float”转换到“int”，可能丢失数据
     1>WisdomLabelDlg.cpp(4168): warning C4244: “初始化”: 从“float”转换到“int”，可能丢失数据
     1>WisdomLabelDlg.cpp(4177): warning C4244: “初始化”: 从“double”转换到“float”，可能丢失数据
     1>WisdomLabelDlg.cpp(4179): warning C4244: “初始化”: 从“double”转换到“float”，可能丢失数据
     1>WisdomLabelDlg.cpp(4190): warning C4244: “初始化”: 从“double”转换到“float”，可能丢失数据
     1>WisdomLabelDlg.cpp(4200): warning C4244: “=”: 从“float”转换到“unsigned char”，可能丢失数据
     1>WisdomLabelDlg.cpp(4211): warning C4244: “初始化”: 从“int”转换到“float”，可能丢失数据
     1>WisdomLabelDlg.cpp(4214): warning C4305: “初始化”: 从“double”到“float”截断
     1>WisdomLabelDlg.cpp(4226): warning C4305: “初始化”: 从“double”到“float”截断
     1>WisdomLabelDlg.cpp(4227): warning C4018: “<”: 有符号/无符号不匹配
     1>WisdomLabelDlg.cpp(4230): warning C4244: “初始化”: 从“float”转换到“int”，可能丢失数据
     1>WisdomLabelDlg.cpp(4231): warning C4244: “初始化”: 从“float”转换到“int”，可能丢失数据
     1>WisdomLabelDlg.cpp(4234): warning C4244: “初始化”: 从“float”转换到“int”，可能丢失数据
     1>WisdomLabelDlg.cpp(4236): warning C4244: “=”: 从“float”转换到“int”，可能丢失数据
     1>WisdomLabelDlg.cpp(4299): warning C4244: “初始化”: 从“double”转换到“float”，可能丢失数据
     1>WisdomLabelDlg.cpp(4300): warning C4244: “初始化”: 从“double”转换到“float”，可能丢失数据
     1>WisdomLabelDlg.cpp(4301): warning C4244: “参数”: 从“float”转换到“int”，可能丢失数据
     1>WisdomLabelDlg.cpp(4301): warning C4244: “参数”: 从“float”转换到“int”，可能丢失数据
     1>WisdomLabelDlg.cpp(4301): warning C4244: “参数”: 从“float”转换到“int”，可能丢失数据
     1>WisdomLabelDlg.cpp(4301): warning C4244: “参数”: 从“float”转换到“int”，可能丢失数据
     1>WisdomLabelDlg.cpp(4302): warning C4244: “参数”: 从“float”转换到“int”，可能丢失数据
     1>WisdomLabelDlg.cpp(4302): warning C4244: “参数”: 从“float”转换到“int”，可能丢失数据
     1>WisdomLabelDlg.cpp(4302): warning C4244: “参数”: 从“float”转换到“int”，可能丢失数据
     1>WisdomLabelDlg.cpp(4302): warning C4244: “参数”: 从“float”转换到“int”，可能丢失数据
     1>WisdomLabelDlg.cpp(4311): warning C4244: “初始化”: 从“double”转换到“int”，可能丢失数据
     1>WisdomLabelDlg.cpp(4564): warning C4244: “初始化”: 从“double”转换到“float”，可能丢失数据
     1>WisdomLabelDlg.cpp(4565): warning C4244: “初始化”: 从“double”转换到“float”，可能丢失数据
     1>WisdomLabelDlg.cpp(4566): warning C4244: “参数”: 从“float”转换到“int”，可能丢失数据
     1>WisdomLabelDlg.cpp(4566): warning C4244: “参数”: 从“float”转换到“int”，可能丢失数据
     1>WisdomLabelDlg.cpp(4566): warning C4244: “参数”: 从“float”转换到“int”，可能丢失数据
     1>WisdomLabelDlg.cpp(4566): warning C4244: “参数”: 从“float”转换到“int”，可能丢失数据
     1>WisdomLabelDlg.cpp(4568): warning C4244: “参数”: 从“double”转换到“int”，可能丢失数据
     1>WisdomLabelDlg.cpp(4568): warning C4244: “参数”: 从“double”转换到“int”，可能丢失数据
     1>WisdomLabelDlg.cpp(4569): warning C4244: “参数”: 从“float”转换到“int”，可能丢失数据
     1>WisdomLabelDlg.cpp(4569): warning C4244: “参数”: 从“float”转换到“int”，可能丢失数据
     1>WisdomLabelDlg.cpp(4569): warning C4244: “参数”: 从“float”转换到“int”，可能丢失数据
     1>WisdomLabelDlg.cpp(4569): warning C4244: “参数”: 从“float”转换到“int”，可能丢失数据
     1>WisdomLabelDlg.cpp(4580): warning C4244: “初始化”: 从“double”转换到“int”，可能丢失数据
     1>WisdomLabelDlg.cpp(4605): warning C4244: “参数”: 从“double”转换到“int”，可能丢失数据
     1>WisdomLabelDlg.cpp(4605): warning C4244: “参数”: 从“double”转换到“int”，可能丢失数据
     1>WisdomLabelDlg.cpp(4683): warning C4018: “<”: 有符号/无符号不匹配
     1>WisdomLabelDlg.cpp(4687): warning C4018: “<”: 有符号/无符号不匹配
     1>WisdomLabelDlg.cpp(4706): warning C4244: “参数”: 从“float”转换到“int”，可能丢失数据
     1>WisdomLabelDlg.cpp(4710): warning C4244: “参数”: 从“float”转换到“int”，可能丢失数据
     1>WisdomLabelDlg.cpp(4716): warning C4244: “参数”: 从“float”转换到“int”，可能丢失数据
     1>WisdomLabelDlg.cpp(4720): warning C4244: “参数”: 从“float”转换到“int”，可能丢失数据
     1>WisdomLabelDlg.cpp(4743): warning C4018: “<”: 有符号/无符号不匹配
     1>WisdomLabelDlg.cpp(4779): warning C4018: “<”: 有符号/无符号不匹配
     1>WisdomLabelDlg.cpp(4827): warning C4244: “初始化”: 从“double”转换到“float”，可能丢失数据
     1>WisdomLabelDlg.cpp(4828): warning C4244: “初始化”: 从“double”转换到“float”，可能丢失数据
     1>WisdomLabelDlg.cpp(4829): warning C4244: “参数”: 从“float”转换到“int”，可能丢失数据
     1>WisdomLabelDlg.cpp(4829): warning C4244: “参数”: 从“float”转换到“int”，可能丢失数据
     1>WisdomLabelDlg.cpp(4829): warning C4244: “参数”: 从“float”转换到“int”，可能丢失数据
     1>WisdomLabelDlg.cpp(4829): warning C4244: “参数”: 从“float”转换到“int”，可能丢失数据
     1>WisdomLabelDlg.cpp(4830): warning C4244: “参数”: 从“double”转换到“int”，可能丢失数据
     1>WisdomLabelDlg.cpp(4830): warning C4244: “参数”: 从“double”转换到“int”，可能丢失数据
     1>WisdomLabelDlg.cpp(4830): warning C4244: “参数”: 从“double”转换到“int”，可能丢失数据
     1>WisdomLabelDlg.cpp(4830): warning C4244: “参数”: 从“double”转换到“int”，可能丢失数据
     1>WisdomLabelDlg.cpp(4839): warning C4244: “初始化”: 从“double”转换到“int”，可能丢失数据
     1>WisdomLabelDlg.cpp(4841): warning C4244: “初始化”: 从“double”转换到“int”，可能丢失数据
     1>WisdomLabelDlg.cpp(4888): warning C4258: “k”: 忽略 For 循环中的定义；使用封闭范围中的定义
                 WisdomLabelDlg.cpp(4856) : 忽略“k”的定义
                 WisdomLabelDlg.cpp(4840) : 使用“k”的定义
     1>WisdomLabelDlg.cpp(4888): warning C4258: “k”: 忽略 For 循环中的定义；使用封闭范围中的定义
                 WisdomLabelDlg.cpp(4856) : 忽略“k”的定义
                 WisdomLabelDlg.cpp(4840) : 使用“k”的定义
     1>WisdomLabelDlg.cpp(4889): warning C4258: “k”: 忽略 For 循环中的定义；使用封闭范围中的定义
                 WisdomLabelDlg.cpp(4856) : 忽略“k”的定义
                 WisdomLabelDlg.cpp(4840) : 使用“k”的定义
     1>WisdomLabelDlg.cpp(4889): warning C4258: “k”: 忽略 For 循环中的定义；使用封闭范围中的定义
                 WisdomLabelDlg.cpp(4856) : 忽略“k”的定义
                 WisdomLabelDlg.cpp(4840) : 使用“k”的定义
     1>WisdomLabelDlg.cpp(4891): warning C4258: “k”: 忽略 For 循环中的定义；使用封闭范围中的定义
                 WisdomLabelDlg.cpp(4856) : 忽略“k”的定义
                 WisdomLabelDlg.cpp(4840) : 使用“k”的定义
     1>WisdomLabelDlg.cpp(4891): warning C4258: “k”: 忽略 For 循环中的定义；使用封闭范围中的定义
                 WisdomLabelDlg.cpp(4856) : 忽略“k”的定义
                 WisdomLabelDlg.cpp(4840) : 使用“k”的定义
     1>WisdomLabelDlg.cpp(4892): warning C4258: “k”: 忽略 For 循环中的定义；使用封闭范围中的定义
                 WisdomLabelDlg.cpp(4856) : 忽略“k”的定义
                 WisdomLabelDlg.cpp(4840) : 使用“k”的定义
     1>WisdomLabelDlg.cpp(4892): warning C4258: “k”: 忽略 For 循环中的定义；使用封闭范围中的定义
                 WisdomLabelDlg.cpp(4856) : 忽略“k”的定义
                 WisdomLabelDlg.cpp(4840) : 使用“k”的定义
     1>WisdomLabelDlg.cpp(4900): warning C4258: “k”: 忽略 For 循环中的定义；使用封闭范围中的定义
                 WisdomLabelDlg.cpp(4856) : 忽略“k”的定义
                 WisdomLabelDlg.cpp(4840) : 使用“k”的定义
     1>WisdomLabelDlg.cpp(4900): warning C4258: “k”: 忽略 For 循环中的定义；使用封闭范围中的定义
                 WisdomLabelDlg.cpp(4856) : 忽略“k”的定义
                 WisdomLabelDlg.cpp(4840) : 使用“k”的定义
     1>WisdomLabelDlg.cpp(4901): warning C4258: “k”: 忽略 For 循环中的定义；使用封闭范围中的定义
                 WisdomLabelDlg.cpp(4856) : 忽略“k”的定义
                 WisdomLabelDlg.cpp(4840) : 使用“k”的定义
     1>WisdomLabelDlg.cpp(4901): warning C4258: “k”: 忽略 For 循环中的定义；使用封闭范围中的定义
                 WisdomLabelDlg.cpp(4856) : 忽略“k”的定义
                 WisdomLabelDlg.cpp(4840) : 使用“k”的定义
     1>WisdomLabelDlg.cpp(4914): warning C4258: “k”: 忽略 For 循环中的定义；使用封闭范围中的定义
                 WisdomLabelDlg.cpp(4856) : 忽略“k”的定义
                 WisdomLabelDlg.cpp(4840) : 使用“k”的定义
     1>WisdomLabelDlg.cpp(4915): warning C4258: “k”: 忽略 For 循环中的定义；使用封闭范围中的定义
                 WisdomLabelDlg.cpp(4856) : 忽略“k”的定义
                 WisdomLabelDlg.cpp(4840) : 使用“k”的定义
     1>WisdomLabelDlg.cpp(4916): warning C4258: “k”: 忽略 For 循环中的定义；使用封闭范围中的定义
                 WisdomLabelDlg.cpp(4856) : 忽略“k”的定义
                 WisdomLabelDlg.cpp(4840) : 使用“k”的定义
     1>WisdomLabelDlg.cpp(4917): warning C4258: “k”: 忽略 For 循环中的定义；使用封闭范围中的定义
                 WisdomLabelDlg.cpp(4856) : 忽略“k”的定义
                 WisdomLabelDlg.cpp(4840) : 使用“k”的定义
     1>WisdomLabelDlg.cpp(4924): warning C4258: “k”: 忽略 For 循环中的定义；使用封闭范围中的定义
                 WisdomLabelDlg.cpp(4856) : 忽略“k”的定义
                 WisdomLabelDlg.cpp(4840) : 使用“k”的定义
     1>WisdomLabelDlg.cpp(4925): warning C4258: “k”: 忽略 For 循环中的定义；使用封闭范围中的定义
                 WisdomLabelDlg.cpp(4856) : 忽略“k”的定义
                 WisdomLabelDlg.cpp(4840) : 使用“k”的定义
     1>WisdomLabelDlg.cpp(4926): warning C4258: “k”: 忽略 For 循环中的定义；使用封闭范围中的定义
                 WisdomLabelDlg.cpp(4856) : 忽略“k”的定义
                 WisdomLabelDlg.cpp(4840) : 使用“k”的定义
     1>WisdomLabelDlg.cpp(4947): warning C4258: “k”: 忽略 For 循环中的定义；使用封闭范围中的定义
                 WisdomLabelDlg.cpp(4856) : 忽略“k”的定义
                 WisdomLabelDlg.cpp(4840) : 使用“k”的定义
     1>WisdomLabelDlg.cpp(4947): warning C4258: “k”: 忽略 For 循环中的定义；使用封闭范围中的定义
                 WisdomLabelDlg.cpp(4856) : 忽略“k”的定义
                 WisdomLabelDlg.cpp(4840) : 使用“k”的定义
     1>WisdomLabelDlg.cpp(4948): warning C4258: “k”: 忽略 For 循环中的定义；使用封闭范围中的定义
                 WisdomLabelDlg.cpp(4856) : 忽略“k”的定义
                 WisdomLabelDlg.cpp(4840) : 使用“k”的定义
     1>WisdomLabelDlg.cpp(4948): warning C4258: “k”: 忽略 For 循环中的定义；使用封闭范围中的定义
                 WisdomLabelDlg.cpp(4856) : 忽略“k”的定义
                 WisdomLabelDlg.cpp(4840) : 使用“k”的定义
     1>WisdomLabelDlg.cpp(5018): warning C4244: “初始化”: 从“int”转换到“float”，可能丢失数据
     1>WisdomLabelDlg.cpp(5021): warning C4244: “初始化”: 从“float”转换到“int”，可能丢失数据
     1>WisdomLabelDlg.cpp(5022): warning C4244: “初始化”: 从“float”转换到“int”，可能丢失数据
     1>WisdomLabelDlg.cpp(5052): warning C4244: “=”: 从“LONG”转换到“float”，可能丢失数据
     1>WisdomLabelDlg.cpp(5053): warning C4244: “=”: 从“LONG”转换到“float”，可能丢失数据
     1>WisdomLabelDlg.cpp(5054): warning C4244: “=”: 从“LONG”转换到“float”，可能丢失数据
     1>WisdomLabelDlg.cpp(5055): warning C4244: “=”: 从“LONG”转换到“float”，可能丢失数据
     1>WisdomLabelDlg.cpp(5180): warning C4244: “=”: 从“LONG”转换到“float”，可能丢失数据
     1>WisdomLabelDlg.cpp(5181): warning C4244: “=”: 从“LONG”转换到“float”，可能丢失数据
     1>WisdomLabelDlg.cpp(5182): warning C4244: “=”: 从“LONG”转换到“float”，可能丢失数据
     1>WisdomLabelDlg.cpp(5183): warning C4244: “=”: 从“LONG”转换到“float”，可能丢失数据
     1>WisdomLabelDlg.cpp(5280): warning C4018: “<”: 有符号/无符号不匹配
     1>WisdomLabelDlg.cpp(5284): warning C4018: “<”: 有符号/无符号不匹配
     1>WisdomLabelDlg.cpp(5315): warning C4244: “参数”: 从“float”转换到“int”，可能丢失数据
     1>WisdomLabelDlg.cpp(5319): warning C4244: “参数”: 从“float”转换到“int”，可能丢失数据
     1>WisdomLabelDlg.cpp(5325): warning C4244: “参数”: 从“float”转换到“int”，可能丢失数据
     1>WisdomLabelDlg.cpp(5329): warning C4244: “参数”: 从“float”转换到“int”，可能丢失数据
     1>WisdomLabelDlg.cpp(5352): warning C4018: “<”: 有符号/无符号不匹配
     1>WisdomLabelDlg.cpp(5388): warning C4018: “<”: 有符号/无符号不匹配
     1>WisdomLabelDlg.cpp(5439): warning C4244: “初始化”: 从“double”转换到“float”，可能丢失数据
     1>WisdomLabelDlg.cpp(5440): warning C4244: “初始化”: 从“double”转换到“float”，可能丢失数据
     1>WisdomLabelDlg.cpp(5441): warning C4244: “参数”: 从“float”转换到“int”，可能丢失数据
     1>WisdomLabelDlg.cpp(5441): warning C4244: “参数”: 从“float”转换到“int”，可能丢失数据
     1>WisdomLabelDlg.cpp(5441): warning C4244: “参数”: 从“float”转换到“int”，可能丢失数据
     1>WisdomLabelDlg.cpp(5441): warning C4244: “参数”: 从“float”转换到“int”，可能丢失数据
     1>WisdomLabelDlg.cpp(5442): warning C4244: “参数”: 从“float”转换到“int”，可能丢失数据
     1>WisdomLabelDlg.cpp(5442): warning C4244: “参数”: 从“float”转换到“int”，可能丢失数据
     1>WisdomLabelDlg.cpp(5442): warning C4244: “参数”: 从“float”转换到“int”，可能丢失数据
     1>WisdomLabelDlg.cpp(5442): warning C4244: “参数”: 从“float”转换到“int”，可能丢失数据
     1>WisdomLabelDlg.cpp(5518): warning C4244: “=”: 从“LONG”转换到“float”，可能丢失数据
     1>WisdomLabelDlg.cpp(5519): warning C4244: “=”: 从“LONG”转换到“float”，可能丢失数据
     1>WisdomLabelDlg.cpp(5521): warning C4018: “<”: 有符号/无符号不匹配
     1>WisdomLabelDlg.cpp(5525): warning C4244: “=”: 从“LONG”转换到“float”，可能丢失数据
     1>WisdomLabelDlg.cpp(5526): warning C4244: “=”: 从“LONG”转换到“float”，可能丢失数据
     1>WisdomLabelDlg.cpp(5527): warning C4244: “参数”: 从“float”转换到“int”，可能丢失数据
     1>WisdomLabelDlg.cpp(5527): warning C4244: “参数”: 从“float”转换到“int”，可能丢失数据
     1>WisdomLabelDlg.cpp(5540): warning C4244: “参数”: 从“LONG”转换到“float”，可能丢失数据
     1>WisdomLabelDlg.cpp(5540): warning C4244: “参数”: 从“LONG”转换到“float”，可能丢失数据
     1>WisdomLabelDlg.cpp(5540): warning C4244: “参数”: 从“int”转换到“float”，可能丢失数据
     1>WisdomLabelDlg.cpp(5540): warning C4244: “参数”: 从“LONG”转换到“float”，可能丢失数据
     1>WisdomLabelDlg.cpp(5540): warning C4244: “参数”: 从“LONG”转换到“float”，可能丢失数据
     1>WisdomLabelDlg.cpp(5549): warning C4018: “<”: 有符号/无符号不匹配
     1>WisdomLabelDlg.cpp(5552): warning C4244: “参数”: 从“LONG”转换到“float”，可能丢失数据
     1>WisdomLabelDlg.cpp(5552): warning C4244: “参数”: 从“LONG”转换到“float”，可能丢失数据
     1>WisdomLabelDlg.cpp(5552): warning C4244: “参数”: 从“int”转换到“float”，可能丢失数据
     1>WisdomLabelDlg.cpp(5552): warning C4244: “参数”: 从“LONG”转换到“float”，可能丢失数据
     1>WisdomLabelDlg.cpp(5552): warning C4244: “参数”: 从“LONG”转换到“float”，可能丢失数据
     1>WisdomLabelDlg.cpp(5555): warning C4244: “参数”: 从“float”转换到“int”，可能丢失数据
     1>WisdomLabelDlg.cpp(5555): warning C4244: “参数”: 从“float”转换到“int”，可能丢失数据
     1>WisdomLabelDlg.cpp(5594): warning C4244: “=”: 从“LONG”转换到“float”，可能丢失数据
     1>WisdomLabelDlg.cpp(5595): warning C4244: “=”: 从“LONG”转换到“float”，可能丢失数据
     1>WisdomLabelDlg.cpp(5596): warning C4244: “=”: 从“LONG”转换到“float”，可能丢失数据
     1>WisdomLabelDlg.cpp(5597): warning C4244: “=”: 从“LONG”转换到“float”，可能丢失数据
     1>WisdomLabelDlg.cpp(5617): warning C4244: “参数”: 从“float”转换到“int”，可能丢失数据
     1>WisdomLabelDlg.cpp(5617): warning C4244: “参数”: 从“float”转换到“int”，可能丢失数据
     1>WisdomLabelDlg.cpp(5618): warning C4244: “参数”: 从“float”转换到“int”，可能丢失数据
     1>WisdomLabelDlg.cpp(5618): warning C4244: “参数”: 从“float”转换到“int”，可能丢失数据
     1>WisdomLabelDlg.cpp(5619): warning C4244: “参数”: 从“float”转换到“int”，可能丢失数据
     1>WisdomLabelDlg.cpp(5619): warning C4244: “参数”: 从“float”转换到“int”，可能丢失数据
     1>WisdomLabelDlg.cpp(5620): warning C4244: “参数”: 从“float”转换到“int”，可能丢失数据
     1>WisdomLabelDlg.cpp(5620): warning C4244: “参数”: 从“float”转换到“int”，可能丢失数据
     1>WisdomLabelDlg.cpp(5750): warning C4244: “初始化”: 从“double”转换到“int”，可能丢失数据
     1>WisdomLabelDlg.cpp(5752): warning C4244: “初始化”: 从“double”转换到“int”，可能丢失数据
     1>WisdomLabelDlg.cpp(5812): warning C4244: “=”: 从“LONG”转换到“float”，可能丢失数据
     1>WisdomLabelDlg.cpp(5813): warning C4244: “=”: 从“LONG”转换到“float”，可能丢失数据
     1>WisdomLabelDlg.cpp(5815): warning C4018: “<”: 有符号/无符号不匹配
     1>WisdomLabelDlg.cpp(5819): warning C4244: “=”: 从“LONG”转换到“float”，可能丢失数据
     1>WisdomLabelDlg.cpp(5820): warning C4244: “=”: 从“LONG”转换到“float”，可能丢失数据
     1>WisdomLabelDlg.cpp(5821): warning C4244: “参数”: 从“float”转换到“int”，可能丢失数据
     1>WisdomLabelDlg.cpp(5821): warning C4244: “参数”: 从“float”转换到“int”，可能丢失数据
     1>WisdomLabelDlg.cpp(5831): warning C4244: “参数”: 从“LONG”转换到“float”，可能丢失数据
     1>WisdomLabelDlg.cpp(5831): warning C4244: “参数”: 从“LONG”转换到“float”，可能丢失数据
     1>WisdomLabelDlg.cpp(5831): warning C4244: “参数”: 从“int”转换到“float”，可能丢失数据
     1>WisdomLabelDlg.cpp(5831): warning C4244: “参数”: 从“LONG”转换到“float”，可能丢失数据
     1>WisdomLabelDlg.cpp(5831): warning C4244: “参数”: 从“LONG”转换到“float”，可能丢失数据
     1>WisdomLabelDlg.cpp(5840): warning C4018: “<”: 有符号/无符号不匹配
     1>WisdomLabelDlg.cpp(5843): warning C4244: “参数”: 从“LONG”转换到“float”，可能丢失数据
     1>WisdomLabelDlg.cpp(5843): warning C4244: “参数”: 从“LONG”转换到“float”，可能丢失数据
     1>WisdomLabelDlg.cpp(5843): warning C4244: “参数”: 从“int”转换到“float”，可能丢失数据
     1>WisdomLabelDlg.cpp(5843): warning C4244: “参数”: 从“LONG”转换到“float”，可能丢失数据
     1>WisdomLabelDlg.cpp(5843): warning C4244: “参数”: 从“LONG”转换到“float”，可能丢失数据
     1>WisdomLabelDlg.cpp(5846): warning C4244: “参数”: 从“float”转换到“int”，可能丢失数据
     1>WisdomLabelDlg.cpp(5846): warning C4244: “参数”: 从“float”转换到“int”，可能丢失数据
     1>WisdomLabelDlg.cpp(5853): warning C4244: “=”: 从“LONG”转换到“float”，可能丢失数据
     1>WisdomLabelDlg.cpp(5854): warning C4244: “=”: 从“LONG”转换到“float”，可能丢失数据
     1>WisdomLabelDlg.cpp(5855): warning C4244: “=”: 从“LONG”转换到“float”，可能丢失数据
     1>WisdomLabelDlg.cpp(5856): warning C4244: “=”: 从“LONG”转换到“float”，可能丢失数据
     1>WisdomLabelDlg.cpp(5876): warning C4244: “参数”: 从“float”转换到“int”，可能丢失数据
     1>WisdomLabelDlg.cpp(5876): warning C4244: “参数”: 从“float”转换到“int”，可能丢失数据
     1>WisdomLabelDlg.cpp(5877): warning C4244: “参数”: 从“float”转换到“int”，可能丢失数据
     1>WisdomLabelDlg.cpp(5877): warning C4244: “参数”: 从“float”转换到“int”，可能丢失数据
     1>WisdomLabelDlg.cpp(5878): warning C4244: “参数”: 从“float”转换到“int”，可能丢失数据
     1>WisdomLabelDlg.cpp(5878): warning C4244: “参数”: 从“float”转换到“int”，可能丢失数据
     1>WisdomLabelDlg.cpp(5879): warning C4244: “参数”: 从“float”转换到“int”，可能丢失数据
     1>WisdomLabelDlg.cpp(5879): warning C4244: “参数”: 从“float”转换到“int”，可能丢失数据
     1>WisdomLabelDlg.cpp(6033): warning C4018: “<”: 有符号/无符号不匹配
     1>WisdomLabelDlg.cpp(6037): warning C4018: “<”: 有符号/无符号不匹配
     1>WisdomLabelDlg.cpp(6040): warning C4018: “<”: 有符号/无符号不匹配
     1>WisdomLabelDlg.cpp(6062): warning C4018: “<”: 有符号/无符号不匹配
     1>WisdomLabelDlg.cpp(6093): warning C4244: “参数”: 从“float”转换到“int”，可能丢失数据
     1>WisdomLabelDlg.cpp(6097): warning C4244: “参数”: 从“float”转换到“int”，可能丢失数据
     1>WisdomLabelDlg.cpp(6103): warning C4244: “参数”: 从“float”转换到“int”，可能丢失数据
     1>WisdomLabelDlg.cpp(6107): warning C4244: “参数”: 从“float”转换到“int”，可能丢失数据
     1>WisdomLabelDlg.cpp(6120): warning C4018: “<”: 有符号/无符号不匹配
     1>WisdomLabelDlg.cpp(6174): warning C4018: “<”: 有符号/无符号不匹配
     1>WisdomLabelDlg.cpp(6280): warning C4305: “初始化”: 从“double”到“float”截断
     1>WisdomLabelDlg.cpp(6309): warning C4101: “Buf”: 未引用的局部变量
     1>WisdomLabelDlg.cpp(6451): warning C4018: “<”: 有符号/无符号不匹配
     1>WisdomLabelDlg.cpp(6494): warning C4018: “<”: 有符号/无符号不匹配
     1>WisdomLabelDlg.cpp(6531): warning C4018: “<”: 有符号/无符号不匹配
     1>WisdomLabelDlg.cpp(6538): warning C4244: “初始化”: 从“double”转换到“float”，可能丢失数据
     1>WisdomLabelDlg.cpp(6539): warning C4244: “初始化”: 从“double”转换到“float”，可能丢失数据
     1>WisdomLabelDlg.cpp(6540): warning C4244: “初始化”: 从“LONG”转换到“float”，可能丢失数据
     1>WisdomLabelDlg.cpp(6541): warning C4244: “初始化”: 从“LONG”转换到“float”，可能丢失数据
     1>WisdomLabelDlg.cpp(6460): warning C4101: “Buf”: 未引用的局部变量
     1>WisdomLabelDlg.cpp(6625): warning C4018: “<”: 有符号/无符号不匹配
     1>WisdomLabelDlg.cpp(6629): warning C4018: “<”: 有符号/无符号不匹配
     1>WisdomLabelDlg.cpp(6660): warning C4244: “参数”: 从“float”转换到“int”，可能丢失数据
     1>WisdomLabelDlg.cpp(6664): warning C4244: “参数”: 从“float”转换到“int”，可能丢失数据
     1>WisdomLabelDlg.cpp(6670): warning C4244: “参数”: 从“float”转换到“int”，可能丢失数据
     1>WisdomLabelDlg.cpp(6674): warning C4244: “参数”: 从“float”转换到“int”，可能丢失数据
     1>WisdomLabelDlg.cpp(6697): warning C4018: “<”: 有符号/无符号不匹配
     1>WisdomLabelDlg.cpp(6733): warning C4018: “<”: 有符号/无符号不匹配
     1>WisdomLabelDlg.cpp(6858): warning C4244: “初始化”: 从“int”转换到“float”，可能丢失数据
     1>WisdomLabelDlg.cpp(6859): warning C4244: “初始化”: 从“int”转换到“float”，可能丢失数据
     1>WisdomLabelDlg.cpp(6920): warning C4244: “初始化”: 从“double”转换到“float”，可能丢失数据
     1>WisdomLabelDlg.cpp(6984): warning C4018: “<”: 有符号/无符号不匹配
     1>WisdomLabelDlg.cpp(6988): warning C4018: “<”: 有符号/无符号不匹配
     1>WisdomLabelDlg.cpp(7019): warning C4244: “参数”: 从“float”转换到“int”，可能丢失数据
     1>WisdomLabelDlg.cpp(7023): warning C4244: “参数”: 从“float”转换到“int”，可能丢失数据
     1>WisdomLabelDlg.cpp(7029): warning C4244: “参数”: 从“float”转换到“int”，可能丢失数据
     1>WisdomLabelDlg.cpp(7033): warning C4244: “参数”: 从“float”转换到“int”，可能丢失数据
     1>WisdomLabelDlg.cpp(7050): warning C4018: “<”: 有符号/无符号不匹配
     1>WisdomLabelDlg.cpp(7179): warning C4244: “初始化”: 从“int”转换到“float”，可能丢失数据
     1>WisdomLabelDlg.cpp(7180): warning C4244: “初始化”: 从“int”转换到“float”，可能丢失数据
     1>WisdomLabelDlg.cpp(7402): warning C4244: “+=”: 从“float”转换到“int”，可能丢失数据
     1>WisdomLabelDlg.cpp(7460): warning C4244: “=”: 从“float”转换到“int”，可能丢失数据
     1>WisdomLabelDlg.cpp(7462): warning C4244: “=”: 从“int”转换到“float”，可能丢失数据
     1>WisdomLabelDlg.cpp(7475): warning C4305: “初始化”: 从“double”到“float”截断
     1>WisdomLabelDlg.cpp(7475): warning C4305: “初始化”: 从“double”到“float”截断
     1>WisdomLabelDlg.cpp(7475): warning C4305: “初始化”: 从“double”到“float”截断
     1>WisdomLabelDlg.cpp(7476): warning C4305: “初始化”: 从“double”到“float”截断
     1>WisdomLabelDlg.cpp(7476): warning C4305: “初始化”: 从“double”到“float”截断
     1>WisdomLabelDlg.cpp(7476): warning C4305: “初始化”: 从“double”到“float”截断
     1>WisdomLabelDlg.cpp(7477): warning C4305: “初始化”: 从“double”到“float”截断
     1>WisdomLabelDlg.cpp(7477): warning C4305: “初始化”: 从“double”到“float”截断
     1>WisdomLabelDlg.cpp(7477): warning C4305: “初始化”: 从“double”到“float”截断
     1>WisdomLabelDlg.cpp(7520): warning C4244: “参数”: 从“double”转换到“int”，可能丢失数据
     1>WisdomLabelDlg.cpp(7574): warning C4244: “=”: 从“float”转换到“unsigned char”，可能丢失数据
     1>WisdomLabelDlg.cpp(7629): warning C4244: “=”: 从“float”转换到“unsigned char”，可能丢失数据
     1>WisdomLabelDlg.cpp(7662): warning C4018: “<”: 有符号/无符号不匹配
     1>WisdomLabelDlg.cpp(7666): warning C4018: “<”: 有符号/无符号不匹配
     1>WisdomLabelDlg.cpp(7697): warning C4244: “参数”: 从“float”转换到“int”，可能丢失数据
     1>WisdomLabelDlg.cpp(7701): warning C4244: “参数”: 从“float”转换到“int”，可能丢失数据
     1>WisdomLabelDlg.cpp(7707): warning C4244: “参数”: 从“float”转换到“int”，可能丢失数据
     1>WisdomLabelDlg.cpp(7711): warning C4244: “参数”: 从“float”转换到“int”，可能丢失数据
     1>WisdomLabelDlg.cpp(7734): warning C4018: “<”: 有符号/无符号不匹配
     1>WisdomLabelDlg.cpp(7770): warning C4018: “<”: 有符号/无符号不匹配
     1>WisdomLabelDlg.cpp(7953): warning C4018: “<”: 有符号/无符号不匹配
     1>WisdomLabelDlg.cpp(7960): warning C4018: “<”: 有符号/无符号不匹配
     1>WisdomLabelDlg.cpp(7997): warning C4244: “初始化”: 从“int”转换到“float”，可能丢失数据
     1>WisdomLabelDlg.cpp(8000): warning C4244: “初始化”: 从“float”转换到“int”，可能丢失数据
     1>WisdomLabelDlg.cpp(8001): warning C4244: “初始化”: 从“float”转换到“int”，可能丢失数据
     1>WisdomLabelDlg.cpp(8031): warning C4244: “=”: 从“LONG”转换到“float”，可能丢失数据
     1>WisdomLabelDlg.cpp(8032): warning C4244: “=”: 从“LONG”转换到“float”，可能丢失数据
     1>WisdomLabelDlg.cpp(8033): warning C4244: “=”: 从“LONG”转换到“float”，可能丢失数据
     1>WisdomLabelDlg.cpp(8034): warning C4244: “=”: 从“LONG”转换到“float”，可能丢失数据
     1>WisdomLabelDlg.cpp(8151): warning C4018: “<”: 有符号/无符号不匹配
     1>WisdomLabelDlg.cpp(8481): warning C4018: “<”: 有符号/无符号不匹配
     1>WisdomLabelDlg.cpp(8447): warning C4101: “Buf”: 未引用的局部变量
     1>WisdomLabelDlg.cpp(8940): warning C4018: “<”: 有符号/无符号不匹配
     1>WisdomLabelDlg.cpp(8985): warning C4018: “<”: 有符号/无符号不匹配
     1>WisdomLabelDlg.cpp(9492): warning C4018: “<”: 有符号/无符号不匹配
     1>WisdomLabelDlg.cpp(9495): warning C4244: “初始化”: 从“double”转换到“int”，可能丢失数据
     1>WisdomLabelDlg.cpp(9540): warning C4018: “<”: 有符号/无符号不匹配
     1>WisdomLabelDlg.cpp(9543): warning C4244: “初始化”: 从“double”转换到“int”，可能丢失数据
     1>WisdomLabelDlg.cpp(9591): warning C4018: “<”: 有符号/无符号不匹配
     1>WisdomLabelDlg.cpp(9594): warning C4244: “初始化”: 从“double”转换到“int”，可能丢失数据
     1>WisdomLabelDlg.cpp(9645): warning C4244: “初始化”: 从“float”转换到“int”，可能丢失数据
     1>WisdomLabelDlg.cpp(9646): warning C4244: “初始化”: 从“float”转换到“int”，可能丢失数据
     1>WisdomLabelDlg.cpp(9661): warning C4018: “<”: 有符号/无符号不匹配
     1>WisdomLabelDlg.cpp(9666): warning C4244: “=”: 从“float”转换到“LONG”，可能丢失数据
     1>WisdomLabelDlg.cpp(9667): warning C4244: “=”: 从“float”转换到“LONG”，可能丢失数据
     1>WisdomLabelDlg.cpp(9688): warning C4018: “<”: 有符号/无符号不匹配
     1>WisdomLabelDlg.cpp(9691): warning C4244: “初始化”: 从“double”转换到“int”，可能丢失数据
     1>WisdomLabelDlg.cpp(9723): warning C4018: “<”: 有符号/无符号不匹配
     1>WisdomLabelDlg.cpp(9726): warning C4244: “初始化”: 从“double”转换到“int”，可能丢失数据
     1>WisdomLabelDlg.cpp(9797): warning C4018: “<”: 有符号/无符号不匹配
     1>WisdomLabelDlg.cpp(9825): warning C4018: “<”: 有符号/无符号不匹配
     1>WisdomLabelDlg.cpp(9835): warning C4018: “<”: 有符号/无符号不匹配
     1>WisdomLabelDlg.cpp(9845): warning C4018: “<”: 有符号/无符号不匹配
     1>WisdomLabelDlg.cpp(9894): warning C4244: “=”: 从“double”转换到“float”，可能丢失数据
     1>WisdomLabelDlg.cpp(9910): warning C4244: “=”: 从“double”转换到“unsigned char”，可能丢失数据
     1>WisdomLabelDlg.cpp(9932): warning C4305: “初始化”: 从“double”到“float”截断
     1>WisdomLabelDlg.cpp(9946): warning C4244: “=”: 从“double”转换到“float”，可能丢失数据
     1>WisdomLabelDlg.cpp(9962): warning C4244: “=”: 从“double”转换到“unsigned char”，可能丢失数据
     1>WisdomLabelDlg.cpp(10101): warning C4244: “初始化”: 从“double”转换到“int”，可能丢失数据
     1>WisdomLabelDlg.cpp(10102): warning C4244: “初始化”: 从“double”转换到“int”，可能丢失数据
     1>WisdomLabelDlg.cpp(10128): warning C4018: “<”: 有符号/无符号不匹配
     1>WisdomLabelDlg.cpp(10130): warning C4018: “<”: 有符号/无符号不匹配
     1>WisdomLabelDlg.cpp(10198): warning C4018: “<”: 有符号/无符号不匹配
     1>WisdomLabelDlg.cpp(10240): warning C4018: “<”: 有符号/无符号不匹配
     1>WisdomLabelDlg.cpp(10255): warning C4018: “<”: 有符号/无符号不匹配
     1>WisdomLabelDlg.cpp(10263): warning C4258: “k”: 忽略 For 循环中的定义；使用封闭范围中的定义
                 WisdomLabelDlg.cpp(10255) : 忽略“k”的定义
                 WisdomLabelDlg.cpp(10239) : 使用“k”的定义
     1>WisdomLabelDlg.cpp(10268): warning C4018: “>”: 有符号/无符号不匹配
     1>WisdomLabelDlg.cpp(10517): warning C4244: “参数”: 从“double”转换到“int”，可能丢失数据
     1>WisdomLabelDlg.cpp(10518): warning C4244: “参数”: 从“double”转换到“int”，可能丢失数据
     1>WisdomLabelDlg.cpp(10519): warning C4244: “参数”: 从“double”转换到“int”，可能丢失数据
     1>WisdomLabelDlg.cpp(10543): warning C4244: “参数”: 从“double”转换到“int”，可能丢失数据
     1>WisdomLabelDlg.cpp(10544): warning C4244: “参数”: 从“double”转换到“int”，可能丢失数据
     1>WisdomLabelDlg.cpp(10545): warning C4244: “参数”: 从“double”转换到“int”，可能丢失数据
     1>WisdomLabelDlg.cpp(10604): warning C4018: “<”: 有符号/无符号不匹配
     1>WisdomLabelDlg.cpp(10653): warning C4018: “<”: 有符号/无符号不匹配
     1>WisdomLabelDlg.cpp(10728): warning C4018: “<”: 有符号/无符号不匹配
     1>WisdomLabelDlg.cpp(10808): warning C4018: “<”: 有符号/无符号不匹配
     1>WisdomLabelDlg.cpp(10910): warning C4018: “<”: 有符号/无符号不匹配
     1>WisdomLabelDlg.cpp(10994): warning C4018: “<”: 有符号/无符号不匹配
     1>WisdomLabelDlg.cpp(10961): warning C4101: “Buf”: 未引用的局部变量
     1>WisdomLabelDlg.cpp(11210): warning C4018: “<”: 有符号/无符号不匹配
     1>WisdomLabelDlg.cpp(11212): warning C4018: “<”: 有符号/无符号不匹配
     1>WisdomLabelDlg.cpp(11235): warning C4018: “<”: 有符号/无符号不匹配
     1>WisdomLabelDlg.cpp(11239): warning C4018: “<”: 有符号/无符号不匹配
     1>WisdomLabelDlg.cpp(11242): warning C4018: “<”: 有符号/无符号不匹配
     1>WisdomLabelDlg.cpp(11264): warning C4018: “<”: 有符号/无符号不匹配
     1>WisdomLabelDlg.cpp(11295): warning C4244: “参数”: 从“float”转换到“int”，可能丢失数据
     1>WisdomLabelDlg.cpp(11299): warning C4244: “参数”: 从“float”转换到“int”，可能丢失数据
     1>WisdomLabelDlg.cpp(11305): warning C4244: “参数”: 从“float”转换到“int”，可能丢失数据
     1>WisdomLabelDlg.cpp(11309): warning C4244: “参数”: 从“float”转换到“int”，可能丢失数据
     1>WisdomLabelDlg.cpp(11322): warning C4018: “<”: 有符号/无符号不匹配
     1>WisdomLabelDlg.cpp(11376): warning C4018: “<”: 有符号/无符号不匹配
     1>WisdomLabelDlg.cpp(11413): warning C4018: “<”: 有符号/无符号不匹配
     1>WisdomLabelDlg.cpp(11446): warning C4244: “=”: 从“double”转换到“unsigned char”，可能丢失数据
     1>WisdomLabelDlg.cpp(11452): warning C4018: “<”: 有符号/无符号不匹配
     1>WisdomLabelDlg.cpp(11586): warning C4018: “<”: 有符号/无符号不匹配
     1>WisdomLabelDlg.cpp(11590): warning C4018: “<”: 有符号/无符号不匹配
     1>WisdomLabelDlg.cpp(11593): warning C4018: “<”: 有符号/无符号不匹配
     1>WisdomLabelDlg.cpp(11615): warning C4018: “<”: 有符号/无符号不匹配
     1>WisdomLabelDlg.cpp(11646): warning C4244: “参数”: 从“float”转换到“int”，可能丢失数据
     1>WisdomLabelDlg.cpp(11650): warning C4244: “参数”: 从“float”转换到“int”，可能丢失数据
     1>WisdomLabelDlg.cpp(11656): warning C4244: “参数”: 从“float”转换到“int”，可能丢失数据
     1>WisdomLabelDlg.cpp(11660): warning C4244: “参数”: 从“float”转换到“int”，可能丢失数据
     1>WisdomLabelDlg.cpp(11673): warning C4018: “<”: 有符号/无符号不匹配
     1>WisdomLabelDlg.cpp(11727): warning C4018: “<”: 有符号/无符号不匹配
     1>WisdomLabelDlg.cpp(11801): warning C4244: “=”: 从“double”转换到“unsigned char”，可能丢失数据
     1>WisdomLabelDlg.cpp(11845): warning C4305: “*=”: 从“double”到“float”截断
     1>WisdomLabelDlg.cpp(11851): warning C4244: “=”: 从“double”转换到“unsigned char”，可能丢失数据
     1>WisdomLabelDlg.cpp(11876): warning C4018: “<”: 有符号/无符号不匹配
     1>WisdomLabelDlg.cpp(11881): warning C4018: “<”: 有符号/无符号不匹配
     1>WisdomLabelDlg.cpp(11896): warning C4018: “<”: 有符号/无符号不匹配
     1>WisdomLabelDlg.cpp(11908): warning C4018: “<”: 有符号/无符号不匹配
     1>WisdomLabelDlg.cpp(11930): warning C4018: “<”: 有符号/无符号不匹配
     1>WisdomLabelDlg.cpp(11961): warning C4244: “参数”: 从“float”转换到“int”，可能丢失数据
     1>WisdomLabelDlg.cpp(11965): warning C4244: “参数”: 从“float”转换到“int”，可能丢失数据
     1>WisdomLabelDlg.cpp(11971): warning C4244: “参数”: 从“float”转换到“int”，可能丢失数据
     1>WisdomLabelDlg.cpp(11975): warning C4244: “参数”: 从“float”转换到“int”，可能丢失数据
     1>WisdomLabelDlg.cpp(11988): warning C4018: “<”: 有符号/无符号不匹配
     1>WisdomLabelDlg.cpp(12042): warning C4018: “<”: 有符号/无符号不匹配
     1>WisdomLabelDlg.cpp(12047): warning C4244: “初始化”: 从“double”转换到“float”，可能丢失数据
     1>WisdomLabelDlg.cpp(12048): warning C4244: “初始化”: 从“double”转换到“float”，可能丢失数据
     1>WisdomLabelDlg.cpp(12243): warning C4018: “<”: 有符号/无符号不匹配
     1>WisdomLabelDlg.cpp(12388): warning C4244: “初始化”: 从“float”转换到“int”，可能丢失数据
     1>WisdomLabelDlg.cpp(12389): warning C4244: “初始化”: 从“float”转换到“int”，可能丢失数据
     1>WisdomLabelDlg.cpp(12404): warning C4018: “<”: 有符号/无符号不匹配
     1>WisdomLabelDlg.cpp(12409): warning C4244: “=”: 从“float”转换到“LONG”，可能丢失数据
     1>WisdomLabelDlg.cpp(12410): warning C4244: “=”: 从“float”转换到“LONG”，可能丢失数据
     1>WisdomLabelDlg.cpp(12458): warning C4018: “<”: 有符号/无符号不匹配
     1>WisdomLabelDlg.cpp(12459): warning C4018: “<”: 有符号/无符号不匹配
     1>WisdomLabelDlg.cpp(12473): warning C4018: “<”: 有符号/无符号不匹配
     1>WisdomLabelDlg.cpp(12495): warning C4018: “<”: 有符号/无符号不匹配
     1>WisdomLabelDlg.cpp(12496): warning C4018: “<”: 有符号/无符号不匹配
     1>WisdomLabelDlg.cpp(12510): warning C4018: “<”: 有符号/无符号不匹配
     1>WisdomLabelDlg.cpp(12527): warning C4018: “<”: 有符号/无符号不匹配
     1>WisdomLabelDlg.cpp(12540): warning C4018: “<”: 有符号/无符号不匹配
     1>WisdomLabelDlg.cpp(12712): warning C4018: “<”: 有符号/无符号不匹配
     1>WisdomLabelDlg.cpp(12915): warning C4244: “=”: 从“float”转换到“unsigned char”，可能丢失数据
     1>WisdomLabelDlg.cpp(12941): warning C4018: “<”: 有符号/无符号不匹配
     1>WisdomLabelDlg.cpp(12962): warning C4018: “<”: 有符号/无符号不匹配
     1>WisdomLabelDlg.cpp(13041): warning C4244: “参数”: 从“double”转换到“int”，可能丢失数据
     1>WisdomLabelDlg.cpp(13045): warning C4244: “参数”: 从“double”转换到“int”，可能丢失数据
     1>WisdomLabelDlg.cpp(13046): warning C4244: “参数”: 从“double”转换到“int”，可能丢失数据
     1>WisdomLabelDlg.cpp(13068): warning C4244: “参数”: 从“double”转换到“int”，可能丢失数据
     1>WisdomLabelDlg.cpp(13072): warning C4244: “参数”: 从“double”转换到“int”，可能丢失数据
     1>WisdomLabelDlg.cpp(13073): warning C4244: “参数”: 从“double”转换到“int”，可能丢失数据
     1>WisdomLabelDlg.cpp(13216): warning C4018: “<”: 有符号/无符号不匹配
     1>WisdomLabelDlg.cpp(13348): warning C4018: “<”: 有符号/无符号不匹配
     1>WisdomLabelDlg.cpp(13350): warning C4018: “<”: 有符号/无符号不匹配
     1>WisdomLabelDlg.cpp(13430): warning C4244: “初始化”: 从“float”转换到“int”，可能丢失数据
     1>WisdomLabelDlg.cpp(13431): warning C4244: “初始化”: 从“float”转换到“int”，可能丢失数据
     1>WisdomLabelDlg.cpp(13438): warning C4244: “=”: 从“float”转换到“unsigned char”，可能丢失数据
     1>WisdomLabelDlg.cpp(13440): warning C4244: “=”: 从“float”转换到“unsigned char”，可能丢失数据
     1>WisdomLabelDlg.cpp(13462): warning C4305: “初始化”: 从“double”到“float”截断
     1>WisdomLabelDlg.cpp(13462): warning C4305: “初始化”: 从“double”到“float”截断
     1>WisdomLabelDlg.cpp(13462): warning C4305: “初始化”: 从“double”到“float”截断
     1>WisdomLabelDlg.cpp(13463): warning C4305: “初始化”: 从“double”到“float”截断
     1>WisdomLabelDlg.cpp(13463): warning C4305: “初始化”: 从“double”到“float”截断
     1>WisdomLabelDlg.cpp(13463): warning C4305: “初始化”: 从“double”到“float”截断
     1>WisdomLabelDlg.cpp(13464): warning C4305: “初始化”: 从“double”到“float”截断
     1>WisdomLabelDlg.cpp(13464): warning C4305: “初始化”: 从“double”到“float”截断
     1>WisdomLabelDlg.cpp(13464): warning C4305: “初始化”: 从“double”到“float”截断
     1>WisdomLabelDlg.cpp(13498): warning C4244: “=”: 从“double”转换到“float”，可能丢失数据
     1>WisdomLabelDlg.cpp(13517): warning C4244: “参数”: 从“double”转换到“int”，可能丢失数据
     1>WisdomLabelDlg.cpp(13614): warning C4244: “=”: 从“int”转换到“float”，可能丢失数据
     1>WisdomLabelDlg.cpp(13631): warning C4244: “初始化”: 从“float”转换到“int”，可能丢失数据
     1>WisdomLabelDlg.cpp(13632): warning C4244: “+=”: 从“float”转换到“int”，可能丢失数据
     1>WisdomLabelDlg.cpp(13948): warning C4244: “参数”: 从“float”转换到“int”，可能丢失数据
     1>WisdomLabelDlg.cpp(13957): warning C4018: “<”: 有符号/无符号不匹配
     1>WisdomLabelDlg.cpp(14149): warning C4018: “<”: 有符号/无符号不匹配
     1>WisdomLabelDlg.cpp(14201): warning C4018: “<”: 有符号/无符号不匹配
     1>WisdomLabelDlg.cpp(14618): warning C4018: “<”: 有符号/无符号不匹配
     1>WisdomLabelDlg.cpp(14634): warning C4018: “<”: 有符号/无符号不匹配
     1>WisdomLabelDlg.cpp(14584): warning C4101: “Buf”: 未引用的局部变量
     1>WisdomLabelDlg.cpp(14730): warning C4018: “<”: 有符号/无符号不匹配
     1>WisdomLabelDlg.cpp(14748): warning C4244: “参数”: 从“double”转换到“LPARAM”，可能丢失数据
     1>WisdomLabelDlg.cpp(14696): warning C4101: “Buf”: 未引用的局部变量
     1>WisdomLabelDlg.cpp(14835): warning C4018: “<”: 有符号/无符号不匹配
     1>WisdomLabelDlg.cpp(14861): warning C4018: “<”: 有符号/无符号不匹配
     1>WisdomLabelDlg.cpp(14877): warning C4018: “<”: 有符号/无符号不匹配
     1>WisdomLabelDlg.cpp(14894): warning C4018: “<”: 有符号/无符号不匹配
     1>WisdomLabelDlg.cpp(14898): warning C4018: “<”: 有符号/无符号不匹配
     1>WisdomLabelDlg.cpp(14914): warning C4018: “<”: 有符号/无符号不匹配
     1>WisdomLabelDlg.cpp(14918): warning C4018: “<”: 有符号/无符号不匹配
     1>WisdomLabelDlg.cpp(14801): warning C4101: “Buf”: 未引用的局部变量
     1>WisdomLabelDlg.cpp(15043): warning C4018: “<”: 有符号/无符号不匹配
     1>WisdomLabelDlg.cpp(15080): warning C4018: “<”: 有符号/无符号不匹配
     1>WisdomLabelDlg.cpp(15088): warning C4018: “<”: 有符号/无符号不匹配
     1>WisdomLabelDlg.cpp(15091): warning C4244: “初始化”: 从“double”转换到“float”，可能丢失数据
     1>WisdomLabelDlg.cpp(15092): warning C4244: “初始化”: 从“double”转换到“float”，可能丢失数据
     1>WisdomLabelDlg.cpp(15093): warning C4244: “初始化”: 从“double”转换到“float”，可能丢失数据
     1>WisdomLabelDlg.cpp(15094): warning C4244: “初始化”: 从“double”转换到“float”，可能丢失数据
     1>WisdomLabelDlg.cpp(15095): warning C4244: “初始化”: 从“float”转换到“int”，可能丢失数据
     1>WisdomLabelDlg.cpp(15096): warning C4244: “初始化”: 从“float”转换到“int”，可能丢失数据
     1>WisdomLabelDlg.cpp(15097): warning C4244: “初始化”: 从“float”转换到“int”，可能丢失数据
     1>WisdomLabelDlg.cpp(15098): warning C4244: “初始化”: 从“float”转换到“int”，可能丢失数据
     1>WisdomLabelDlg.cpp(15009): warning C4101: “Buf”: 未引用的局部变量
     1>WisdomLabelDlg.cpp(15172): warning C4018: “<”: 有符号/无符号不匹配
     1>WisdomLabelDlg.cpp(15180): warning C4018: “<”: 有符号/无符号不匹配
     1>WisdomLabelDlg.cpp(15138): warning C4101: “Buf”: 未引用的局部变量
     1>WisdomLabelDlg.cpp(15430): warning C4018: “<”: 有符号/无符号不匹配
     1>WisdomLabelDlg.cpp(15432): warning C4018: “<”: 有符号/无符号不匹配
     1>WisdomLabelDlg.cpp(15456): warning C4018: “<”: 有符号/无符号不匹配
     1>WisdomLabelDlg.cpp(15625): warning C4018: “<”: 有符号/无符号不匹配
     1>WisdomLabelDlg.cpp(15713): warning C4018: “<”: 有符号/无符号不匹配
     1>WisdomLabelDlg.cpp(15723): warning C4018: “<”: 有符号/无符号不匹配
     1>WisdomLabelDlg.cpp(15828): warning C4244: “=”: 从“double”转换到“float”，可能丢失数据
     1>WisdomLabelDlg.cpp(15852): warning C4244: “参数”: 从“float”转换到“int”，可能丢失数据
     1>WisdomLabelDlg.cpp(15853): warning C4244: “参数”: 从“float”转换到“int”，可能丢失数据
     1>WisdomLabelDlg.cpp(15854): warning C4244: “参数”: 从“float”转换到“int”，可能丢失数据
     1>WisdomLabelDlg.cpp(15855): warning C4244: “参数”: 从“float”转换到“int”，可能丢失数据
     1>WisdomLabelDlg.cpp(16103): warning C4018: “<”: 有符号/无符号不匹配
     1>WisdomLabelDlg.cpp(16189): warning C4018: “<”: 有符号/无符号不匹配
     1>WisdomLabelDlg.cpp(16274): warning C4018: “<”: 有符号/无符号不匹配
     1>WisdomLabelDlg.cpp(16435): warning C4018: “<”: 有符号/无符号不匹配
     1>WisdomLabelDlg.cpp(16503): warning C4018: “<”: 有符号/无符号不匹配
       ResourceCompile:
         C:\Program Files (x86)\Microsoft SDKs\Windows\v7.0A\bin\rc.exe /D NDEBUG /D _UNICODE /D UNICODE /l"0x0804" /IRelease\ /nologo /fo"Release\facebz.res" facebz.rc 
       Link:
         C:\Program Files (x86)\Microsoft Visual Studio 10.0\VC\bin\link.exe /ERRORREPORT:PROMPT /OUT:"E:\work\project\test\labelky\Release\WisdomLabel.exe" /INCREMENTAL:NO /NOLOGO /MANIFEST /ManifestFile:"Release\WisdomLabel.exe.intermediate.manifest" /MANIFESTUAC:"level='asInvoker' uiAccess='false'" /DEBUG /PDB:"E:\work\project\test\labelky\Release\WisdomLabel.pdb" /SUBSYSTEM:WINDOWS /OPT:REF /OPT:ICF /LTCG /TLBID:1 /ENTRY:"wWinMainCRTStartup" /DYNAMICBASE /NXCOMPAT /IMPLIB:"E:\work\project\test\labelky\Release\WisdomLabel.lib" /MACHINE:X86 Release\facebz.res
         Release\convert.obj
         Release\DxLxDlg.obj
         Release\explorer3.obj
         Release\WisdomLabel.obj
         Release\WisdomLabelDlg.obj
         Release\FRect.obj
         Release\IconListCtrl.obj
         Release\KjjDlg.obj
         Release\LabeCropDlg.obj
         Release\LabListCtrl.obj
         Release\MTextDlg.obj
         Release\PicEnlargeDlg.obj
         Release\PicListCtrl.obj
         Release\RotateSettingDlg.obj
         Release\ScaleEnlargeDlg.obj
         Release\SelectBtn.obj
         Release\stdafx.obj
         Release\Text2Dlg.obj
         Release\TextDlg.obj
         Release\Video2JpgSetting.obj
         Release\Video2JpgSetting2.obj
         正在生成代码
     1>e:\work\project\test\labelky\facebz\wisdomlabeldlg.cpp(11831): warning C4700: 使用了未初始化的局部变量“zv”
     1>e:\work\project\test\labelky\facebz\wisdomlabeldlg.cpp(11781): warning C4700: 使用了未初始化的局部变量“zv”
         已完成代码的生成
         facebz.vcxproj -> E:\work\project\test\labelky\Release\WisdomLabel.exe
       Manifest:
         C:\Program Files (x86)\Microsoft SDKs\Windows\v7.0A\bin\mt.exe /nologo /verbose /outputresource:"E:\work\project\test\labelky\Release\WisdomLabel.exe;#1" /manifest Release\WisdomLabel.exe.intermediate.manifest "C:\Program Files (x86)\Microsoft Visual Studio 10.0\VC\Include\Manifest\dpiaware.manifest"
       FinalizeBuildStatus:
         正在删除文件“Release\WisdomLabel.unsuccessfulbuild”。
         正在对“Release\WisdomLabel.lastbuildstate”执行 Touch 任务。
     1>已完成生成项目“E:\work\project\test\labelky\facebz\facebz.vcxproj”(build 个目标)的操作。

生成成功。

已用时间 00:00:10.41
